<?xml version="1.0" encoding="UTF-8"?>
<!-- Generated by org.testng.reporters.JUnitXMLReporter -->
<testsuite ignored="37" hostname="LAPTOP-INFITVQT" failures="1" tests="1" name="Default test" time="31.775" errors="0" timestamp="2022-07-13T14:05:14 WIB">
  <testcase classname="com.nexsoft.jcb.test.TestModulMonitoring" name="input_kolom_search_by_spasi" time="11.525">
    <failure type="org.openqa.selenium.UnhandledAlertException" message="unexpected alert open: {Alert text : DataTables warning: table id=data-monitoring - Invalid JSON response. For more information about this error, please see http://datatables.net/tn/1}
  (Session info: chrome=103.0.5060.114): DataTables warning: table id=data-monitoring - Invalid JSON response. For more information about this error, please see http://datatables.net/tn/1
Build info: version: &amp;apos;4.0.0&amp;apos;, revision: &amp;apos;3a21814679&amp;apos;
System info: host: &amp;apos;LAPTOP-INFITVQT&amp;apos;, ip: &amp;apos;10.0.0.223&amp;apos;, os.name: &amp;apos;Windows 10&amp;apos;, os.arch: &amp;apos;amd64&amp;apos;, os.version: &amp;apos;10.0&amp;apos;, java.version: &amp;apos;18.0.1&amp;apos;
Driver info: org.openqa.selenium.chrome.ChromeDriver
Command: [9829ae15d445187a103ebe949e5f76e7, findElement {using=xpath, value=//input[@type=&amp;apos;search&amp;apos;]}]
Capabilities {acceptInsecureCerts: false, browserName: chrome, browserVersion: 103.0.5060.114, chrome: {chromedriverVersion: 102.0.5005.61 (0e59bcc00cc4..., userDataDir: C:\Users\NEXSOFT\AppData\Lo...}, goog:chromeOptions: {debuggerAddress: localhost:54895}, javascriptEnabled: true, networkConnectionEnabled: false, pageLoadStrategy: normal, platform: WINDOWS, platformName: WINDOWS, proxy: Proxy(), se:cdp: ws://localhost:54895/devtoo..., se:cdpVersion: 103.0.5060.114, setWindowRect: true, strictFileInteractability: false, timeouts: {implicit: 0, pageLoad: 300000, script: 30000}, unhandledPromptBehavior: dismiss and notify, webauthn:extension:credBlob: true, webauthn:extension:largeBlob: true, webauthn:virtualAuthenticators: true}
Session ID: 9829ae15d445187a103ebe949e5f76e7">
      <![CDATA[org.openqa.selenium.UnhandledAlertException: unexpected alert open: {Alert text : DataTables warning: table id=data-monitoring - Invalid JSON response. For more information about this error, please see http://datatables.net/tn/1}
  (Session info: chrome=103.0.5060.114): DataTables warning: table id=data-monitoring - Invalid JSON response. For more information about this error, please see http://datatables.net/tn/1
Build info: version: '4.0.0', revision: '3a21814679'
System info: host: 'LAPTOP-INFITVQT', ip: '10.0.0.223', os.name: 'Windows 10', os.arch: 'amd64', os.version: '10.0', java.version: '18.0.1'
Driver info: org.openqa.selenium.chrome.ChromeDriver
Command: [9829ae15d445187a103ebe949e5f76e7, findElement {using=xpath, value=//input[@type='search']}]
Capabilities {acceptInsecureCerts: false, browserName: chrome, browserVersion: 103.0.5060.114, chrome: {chromedriverVersion: 102.0.5005.61 (0e59bcc00cc4..., userDataDir: C:\Users\NEXSOFT\AppData\Lo...}, goog:chromeOptions: {debuggerAddress: localhost:54895}, javascriptEnabled: true, networkConnectionEnabled: false, pageLoadStrategy: normal, platform: WINDOWS, platformName: WINDOWS, proxy: Proxy(), se:cdp: ws://localhost:54895/devtoo..., se:cdpVersion: 103.0.5060.114, setWindowRect: true, strictFileInteractability: false, timeouts: {implicit: 0, pageLoad: 300000, script: 30000}, unhandledPromptBehavior: dismiss and notify, webauthn:extension:credBlob: true, webauthn:extension:largeBlob: true, webauthn:virtualAuthenticators: true}
Session ID: 9829ae15d445187a103ebe949e5f76e7
at org.openqa.selenium.remote.codec.w3c.W3CHttpResponseCodec.decode(W3CHttpResponseCodec.java:131)
at org.openqa.selenium.remote.codec.w3c.W3CHttpResponseCodec.decode(W3CHttpResponseCodec.java:53)
at org.openqa.selenium.remote.HttpCommandExecutor.execute(HttpCommandExecutor.java:184)
at org.openqa.selenium.remote.service.DriverCommandExecutor.invokeExecute(DriverCommandExecutor.java:164)
at org.openqa.selenium.remote.service.DriverCommandExecutor.execute(DriverCommandExecutor.java:139)
at org.openqa.selenium.remote.RemoteWebDriver.execute(RemoteWebDriver.java:559)
at org.openqa.selenium.remote.ElementLocation$ElementFinder$2.findElement(ElementLocation.java:162)
at org.openqa.selenium.remote.ElementLocation.findElement(ElementLocation.java:60)
at org.openqa.selenium.remote.RemoteWebDriver.findElement(RemoteWebDriver.java:383)
at org.openqa.selenium.remote.RemoteWebDriver.findElement(RemoteWebDriver.java:375)
at org.openqa.selenium.support.pagefactory.DefaultElementLocator.findElement(DefaultElementLocator.java:70)
at org.openqa.selenium.support.pagefactory.internal.LocatingElementHandler.invoke(LocatingElementHandler.java:39)
at jdk.proxy2/jdk.proxy2.$Proxy18.clear(Unknown Source)
at com.nexsoft.jcb.pom.JCBMonitoringPage.inputFieldSearch(JCBMonitoringPage.java:95)
at com.nexsoft.jcb.test.TestModulMonitoring.input_kolom_search_by_spasi(TestModulMonitoring.java:222)
at java.base/jdk.internal.reflect.DirectMethodHandleAccessor.invoke(DirectMethodHandleAccessor.java:104)
at java.base/java.lang.reflect.Method.invoke(Method.java:577)
at org.testng.internal.invokers.MethodInvocationHelper.invokeMethod(MethodInvocationHelper.java:139)
at org.testng.internal.invokers.TestInvoker.invokeMethod(TestInvoker.java:677)
at org.testng.internal.invokers.TestInvoker.invokeTestMethod(TestInvoker.java:221)
at org.testng.internal.invokers.MethodRunner.runInSequence(MethodRunner.java:50)
at org.testng.internal.invokers.TestInvoker$MethodInvocationAgent.invoke(TestInvoker.java:962)
at org.testng.internal.invokers.TestInvoker.invokeTestMethods(TestInvoker.java:194)
at org.testng.internal.invokers.TestMethodWorker.invokeTestMethods(TestMethodWorker.java:148)
at org.testng.internal.invokers.TestMethodWorker.run(TestMethodWorker.java:128)
at java.base/java.util.ArrayList.forEach(ArrayList.java:1511)
at org.testng.TestRunner.privateRun(TestRunner.java:806)
at org.testng.TestRunner.run(TestRunner.java:601)
at org.testng.SuiteRunner.runTest(SuiteRunner.java:433)
at org.testng.SuiteRunner.runSequentially(SuiteRunner.java:427)
at org.testng.SuiteRunner.privateRun(SuiteRunner.java:387)
at org.testng.SuiteRunner.run(SuiteRunner.java:330)
at org.testng.SuiteRunnerWorker.runSuite(SuiteRunnerWorker.java:52)
at org.testng.SuiteRunnerWorker.run(SuiteRunnerWorker.java:95)
at org.testng.TestNG.runSuitesSequentially(TestNG.java:1256)
at org.testng.TestNG.runSuitesLocally(TestNG.java:1176)
at org.testng.TestNG.runSuites(TestNG.java:1099)
at org.testng.TestNG.run(TestNG.java:1067)
at org.testng.remote.AbstractRemoteTestNG.run(AbstractRemoteTestNG.java:115)
at org.testng.remote.RemoteTestNG.initAndRun(RemoteTestNG.java:251)
at org.testng.remote.RemoteTestNG.main(RemoteTestNG.java:77)
]]>
    </failure>
  </testcase> <!-- input_kolom_search_by_spasi -->
  <testcase classname="com.nexsoft.jcb.test.TestModulMonitoring" name="search_saat_expand_by_potongan_kata_5_huruf_dengan_spasi" time="0.0">
    <ignored/>
  </testcase> <!-- search_saat_expand_by_potongan_kata_5_huruf_dengan_spasi -->
  <testcase classname="com.nexsoft.jcb.test.TestModulMonitoring" name="input_kolom_search_by_detail_dari_jakarta2" time="0.0">
    <ignored/>
  </testcase> <!-- input_kolom_search_by_detail_dari_jakarta2 -->
  <testcase classname="com.nexsoft.jcb.test.TestModulMonitoring" name="search_saat_expand_tanpa_isi" time="0.0">
    <ignored/>
  </testcase> <!-- search_saat_expand_tanpa_isi -->
  <testcase classname="com.nexsoft.jcb.test.TestModulMonitoring" name="tekan_btn_minus" time="0.0">
    <ignored/>
  </testcase> <!-- tekan_btn_minus -->
  <testcase classname="com.nexsoft.jcb.test.TestModulMonitoring" name="search_saat_expand_by_potongan_kata_5_huruf" time="0.0">
    <ignored/>
  </testcase> <!-- search_saat_expand_by_potongan_kata_5_huruf -->
  <testcase classname="com.nexsoft.jcb.test.TestModulMonitoring" name="search_saat_expand_by_TotalData" time="0.0">
    <ignored/>
  </testcase> <!-- search_saat_expand_by_TotalData -->
  <testcase classname="com.nexsoft.jcb.test.TestModulMonitoring" name="input_kolom_search_by_potongan_detail_dari_bintaro" time="0.0">
    <ignored/>
  </testcase> <!-- input_kolom_search_by_potongan_detail_dari_bintaro -->
  <testcase classname="com.nexsoft.jcb.test.TestModulMonitoring" name="search_saat_expand_by_potongan_kata_3_huruf" time="0.0">
    <ignored/>
  </testcase> <!-- search_saat_expand_by_potongan_kata_3_huruf -->
  <testcase classname="com.nexsoft.jcb.test.TestModulMonitoring" name="search_saat_expand_menggunakan_spasi" time="0.0">
    <ignored/>
  </testcase> <!-- search_saat_expand_menggunakan_spasi -->
  <testcase classname="com.nexsoft.jcb.test.TestModulMonitoring" name="input_kolom_search_by_TotalVisit2" time="0.0">
    <ignored/>
  </testcase> <!-- input_kolom_search_by_TotalVisit2 -->
  <testcase classname="com.nexsoft.jcb.test.TestModulMonitoring" name="input_kolom_search_by_potongan_kata_3_huruf" time="0.0">
    <ignored/>
  </testcase> <!-- input_kolom_search_by_potongan_kata_3_huruf -->
  <testcase classname="com.nexsoft.jcb.test.TestModulMonitoring" name="search_saat_expand_by_potongan_kata_4_huruf" time="0.0">
    <ignored/>
  </testcase> <!-- search_saat_expand_by_potongan_kata_4_huruf -->
  <testcase classname="com.nexsoft.jcb.test.TestModulMonitoring" name="input_kolom_search_by_potongan_detail_dari_yogyakarta" time="0.0">
    <ignored/>
  </testcase> <!-- input_kolom_search_by_potongan_detail_dari_yogyakarta -->
  <testcase classname="com.nexsoft.jcb.test.TestModulMonitoring" name="input_kolom_search_by_potongan_kata_5_huruf" time="0.0">
    <ignored/>
  </testcase> <!-- input_kolom_search_by_potongan_kata_5_huruf -->
  <testcase classname="com.nexsoft.jcb.test.TestModulMonitoring" name="memeriksa_btn_expand_compress_monitoring" time="0.0">
    <ignored/>
  </testcase> <!-- memeriksa_btn_expand_compress_monitoring -->
  <testcase classname="com.nexsoft.jcb.test.TestModulMonitoring" name="search_saat_expand_by_simbol" time="0.0">
    <ignored/>
  </testcase> <!-- search_saat_expand_by_simbol -->
  <testcase classname="com.nexsoft.jcb.test.TestModulMonitoring" name="tekan_btn_plus" time="0.0">
    <ignored/>
  </testcase> <!-- tekan_btn_plus -->
  <testcase classname="com.nexsoft.jcb.test.TestModulMonitoring" name="search_saat_expand_by_kota" time="0.0">
    <ignored/>
  </testcase> <!-- search_saat_expand_by_kota -->
  <testcase classname="com.nexsoft.jcb.test.TestModulMonitoring" name="validasi_menekan_btn_scroll" time="0.0">
    <ignored/>
  </testcase> <!-- validasi_menekan_btn_scroll -->
  <testcase classname="com.nexsoft.jcb.test.TestModulMonitoring" name="input_kolom_search_by_potongan_kata_4_huruf" time="0.0">
    <ignored/>
  </testcase> <!-- input_kolom_search_by_potongan_kata_4_huruf -->
  <testcase classname="com.nexsoft.jcb.test.TestModulMonitoring" name="input_kolom_search_by_kota" time="0.0">
    <ignored/>
  </testcase> <!-- input_kolom_search_by_kota -->
  <testcase classname="com.nexsoft.jcb.test.TestModulMonitoring" name="tekan_btn_plus_di_2_kota" time="0.0">
    <ignored/>
  </testcase> <!-- tekan_btn_plus_di_2_kota -->
  <testcase classname="com.nexsoft.jcb.test.TestModulMonitoring" name="input_kolom_search_by_tanpa_isi" time="0.0">
    <ignored/>
  </testcase> <!-- input_kolom_search_by_tanpa_isi -->
  <testcase classname="com.nexsoft.jcb.test.TestModulMonitoring" name="validasi_menekan_btn_scroll_saat_plus" time="0.0">
    <ignored/>
  </testcase> <!-- validasi_menekan_btn_scroll_saat_plus -->
  <testcase classname="com.nexsoft.jcb.test.TestModulMonitoring" name="search_saat_expand_by_total_visit" time="0.0">
    <ignored/>
  </testcase> <!-- search_saat_expand_by_total_visit -->
  <testcase classname="com.nexsoft.jcb.test.TestModulMonitoring" name="input_kolom_search_by_potongan_detail_dari_bekasitimur_dkk" time="0.0">
    <ignored/>
  </testcase> <!-- input_kolom_search_by_potongan_detail_dari_bekasitimur_dkk -->
  <testcase classname="com.nexsoft.jcb.test.TestModulMonitoring" name="input_kolom_search_by_potongan_detail_dari_jakarta3" time="0.0">
    <ignored/>
  </testcase> <!-- input_kolom_search_by_potongan_detail_dari_jakarta3 -->
  <testcase classname="com.nexsoft.jcb.test.TestModulMonitoring" name="input_kolom_search_by_Price" time="0.0">
    <ignored/>
  </testcase> <!-- input_kolom_search_by_Price -->
  <testcase classname="com.nexsoft.jcb.test.TestModulMonitoring" name="input_kolom_search_by_TotalData" time="0.0">
    <ignored/>
  </testcase> <!-- input_kolom_search_by_TotalData -->
  <testcase classname="com.nexsoft.jcb.test.TestModulMonitoring" name="tekan_tombol_collapse_or_expand_monitoring" time="0.0">
    <ignored/>
  </testcase> <!-- tekan_tombol_collapse_or_expand_monitoring -->
  <testcase classname="com.nexsoft.jcb.test.TestModulMonitoring" name="input_kolom_search_by_potongan_kata_5_huruf_dengan_spasi" time="0.0">
    <ignored/>
  </testcase> <!-- input_kolom_search_by_potongan_kata_5_huruf_dengan_spasi -->
  <testcase classname="com.nexsoft.jcb.test.TestModulMonitoring" name="input_kolom_search_by_TotalVisit" time="0.0">
    <ignored/>
  </testcase> <!-- input_kolom_search_by_TotalVisit -->
  <testcase classname="com.nexsoft.jcb.test.TestModulMonitoring" name="tekan_monitoring_page" time="0.0">
    <ignored/>
  </testcase> <!-- tekan_monitoring_page -->
  <testcase classname="com.nexsoft.jcb.test.TestModulMonitoring" name="search_saat_expand_by_price" time="0.0">
    <ignored/>
  </testcase> <!-- search_saat_expand_by_price -->
  <testcase classname="com.nexsoft.jcb.test.TestModulMonitoring" name="input_kolom_search_by_simbol" time="0.0">
    <ignored/>
  </testcase> <!-- input_kolom_search_by_simbol -->
  <testcase classname="com.nexsoft.jcb.test.TestModulMonitoring" name="tekan_btn_plus_di_3_kota" time="0.0">
    <ignored/>
  </testcase> <!-- tekan_btn_plus_di_3_kota -->
  <testcase classname="com.nexsoft.jcb.test.TestModulMonitoring" name="input_kolom_search_by_potongan_detail_dari_jakarta" time="0.0">
    <ignored/>
  </testcase> <!-- input_kolom_search_by_potongan_detail_dari_jakarta -->
</testsuite> <!-- Default test -->
