<?xml version="1.0" encoding="UTF-8"?>
<!-- Generated by org.testng.reporters.JUnitReportReporter -->
<testsuite hostname="LAPTOP-INFITVQT" failures="2" tests="50" name="com.nexsoft.jcb.test.TestModulBucketValidasi" time="680.462" errors="0" timestamp="2022-07-13T12:16:50 WIB" skipped="2">
  <testcase classname="com.nexsoft.jcb.test.TestModulBucketValidasi" name="tekan_bucket_dan_bucket_validasi" time="6.478"/>
  <system-out/>
  <testcase classname="com.nexsoft.jcb.test.TestModulBucketValidasi" name="filter_all_area" time="16.200"/>
  <system-out/>
  <testcase classname="com.nexsoft.jcb.test.TestModulBucketValidasi" name="filter_area" time="18.211">
    <failure message="Filter is not workings expected [true] but found [false]" type="java.lang.AssertionError">
      <![CDATA[java.lang.AssertionError: Filter is not workings expected [true] but found [false]
at org.testng.Assert.fail(Assert.java:110)
at org.testng.Assert.failNotEquals(Assert.java:1413)
at org.testng.Assert.assertTrue(Assert.java:56)
at com.nexsoft.jcb.test.TestModulBucketValidasi.filter_area(TestModulBucketValidasi.java:207)
at java.base/jdk.internal.reflect.DirectMethodHandleAccessor.invoke(DirectMethodHandleAccessor.java:104)
at java.base/java.lang.reflect.Method.invoke(Method.java:577)
at org.testng.internal.invokers.MethodInvocationHelper.invokeMethod(MethodInvocationHelper.java:139)
at org.testng.internal.invokers.TestInvoker.invokeMethod(TestInvoker.java:677)
at org.testng.internal.invokers.TestInvoker.invokeTestMethod(TestInvoker.java:221)
at org.testng.internal.invokers.MethodRunner.runInSequence(MethodRunner.java:50)
at org.testng.internal.invokers.TestInvoker$MethodInvocationAgent.invoke(TestInvoker.java:962)
at org.testng.internal.invokers.TestInvoker.invokeTestMethods(TestInvoker.java:194)
at org.testng.internal.invokers.TestMethodWorker.invokeTestMethods(TestMethodWorker.java:148)
at org.testng.internal.invokers.TestMethodWorker.run(TestMethodWorker.java:128)
at java.base/java.util.ArrayList.forEach(ArrayList.java:1511)
at org.testng.TestRunner.privateRun(TestRunner.java:806)
at org.testng.TestRunner.run(TestRunner.java:601)
at org.testng.SuiteRunner.runTest(SuiteRunner.java:433)
at org.testng.SuiteRunner.runSequentially(SuiteRunner.java:427)
at org.testng.SuiteRunner.privateRun(SuiteRunner.java:387)
at org.testng.SuiteRunner.run(SuiteRunner.java:330)
at org.testng.SuiteRunnerWorker.runSuite(SuiteRunnerWorker.java:52)
at org.testng.SuiteRunnerWorker.run(SuiteRunnerWorker.java:95)
at org.testng.TestNG.runSuitesSequentially(TestNG.java:1256)
at org.testng.TestNG.runSuitesLocally(TestNG.java:1176)
at org.testng.TestNG.runSuites(TestNG.java:1099)
at org.testng.TestNG.run(TestNG.java:1067)
at org.testng.remote.AbstractRemoteTestNG.run(AbstractRemoteTestNG.java:115)
at org.testng.remote.RemoteTestNG.initAndRun(RemoteTestNG.java:251)
at org.testng.remote.RemoteTestNG.main(RemoteTestNG.java:77)
]]>
    </failure>
  </testcase> <!-- filter_area -->
  <system-out>
    <![CDATA[<img src='file://D:\TA\ScreenShoot\Fail20220713_120614.PNG'height="350" width="792"/>]]>
  </system-out>
  <testcase classname="com.nexsoft.jcb.test.TestModulBucketValidasi" name="fungsi_button_filter" time="18.195">
    <failure message="Filter is not workings expected [true] but found [false]" type="java.lang.AssertionError">
      <![CDATA[java.lang.AssertionError: Filter is not workings expected [true] but found [false]
at org.testng.Assert.fail(Assert.java:110)
at org.testng.Assert.failNotEquals(Assert.java:1413)
at org.testng.Assert.assertTrue(Assert.java:56)
at com.nexsoft.jcb.test.TestModulBucketValidasi.fungsi_button_filter(TestModulBucketValidasi.java:236)
at java.base/jdk.internal.reflect.DirectMethodHandleAccessor.invoke(DirectMethodHandleAccessor.java:104)
at java.base/java.lang.reflect.Method.invoke(Method.java:577)
at org.testng.internal.invokers.MethodInvocationHelper.invokeMethod(MethodInvocationHelper.java:139)
at org.testng.internal.invokers.TestInvoker.invokeMethod(TestInvoker.java:677)
at org.testng.internal.invokers.TestInvoker.invokeTestMethod(TestInvoker.java:221)
at org.testng.internal.invokers.MethodRunner.runInSequence(MethodRunner.java:50)
at org.testng.internal.invokers.TestInvoker$MethodInvocationAgent.invoke(TestInvoker.java:962)
at org.testng.internal.invokers.TestInvoker.invokeTestMethods(TestInvoker.java:194)
at org.testng.internal.invokers.TestMethodWorker.invokeTestMethods(TestMethodWorker.java:148)
at org.testng.internal.invokers.TestMethodWorker.run(TestMethodWorker.java:128)
at java.base/java.util.ArrayList.forEach(ArrayList.java:1511)
at org.testng.TestRunner.privateRun(TestRunner.java:806)
at org.testng.TestRunner.run(TestRunner.java:601)
at org.testng.SuiteRunner.runTest(SuiteRunner.java:433)
at org.testng.SuiteRunner.runSequentially(SuiteRunner.java:427)
at org.testng.SuiteRunner.privateRun(SuiteRunner.java:387)
at org.testng.SuiteRunner.run(SuiteRunner.java:330)
at org.testng.SuiteRunnerWorker.runSuite(SuiteRunnerWorker.java:52)
at org.testng.SuiteRunnerWorker.run(SuiteRunnerWorker.java:95)
at org.testng.TestNG.runSuitesSequentially(TestNG.java:1256)
at org.testng.TestNG.runSuitesLocally(TestNG.java:1176)
at org.testng.TestNG.runSuites(TestNG.java:1099)
at org.testng.TestNG.run(TestNG.java:1067)
at org.testng.remote.AbstractRemoteTestNG.run(AbstractRemoteTestNG.java:115)
at org.testng.remote.RemoteTestNG.initAndRun(RemoteTestNG.java:251)
at org.testng.remote.RemoteTestNG.main(RemoteTestNG.java:77)
]]>
    </failure>
  </testcase> <!-- fungsi_button_filter -->
  <system-out>
    <![CDATA[<img src='file://D:\TA\ScreenShoot\Fail20220713_120631.PNG'height="350" width="792"/>]]>
  </system-out>
  <testcase classname="com.nexsoft.jcb.test.TestModulBucketValidasi" name="tekan_tombol_collapse_or_expand_validasi_data" time="12.959"/>
  <system-out/>
  <testcase classname="com.nexsoft.jcb.test.TestModulBucketValidasi" name="fungsi_btn_next" time="8.921"/>
  <system-out/>
  <testcase classname="com.nexsoft.jcb.test.TestModulBucketValidasi" name="fungsi_btn_previous" time="11.061"/>
  <system-out/>
  <testcase classname="com.nexsoft.jcb.test.TestModulBucketValidasi" name="fungsi_button_2" time="8.849"/>
  <system-out/>
  <testcase classname="com.nexsoft.jcb.test.TestModulBucketValidasi" name="input_kolom_search_by_no" time="12.780"/>
  <system-out/>
  <testcase classname="com.nexsoft.jcb.test.TestModulBucketValidasi" name="input_kolom_search_by_area" time="12.705"/>
  <system-out/>
  <testcase classname="com.nexsoft.jcb.test.TestModulBucketValidasi" name="input_kolom_search_by_merchant_name" time="11.919"/>
  <system-out/>
  <testcase classname="com.nexsoft.jcb.test.TestModulBucketValidasi" name="input_kolom_search_by_address" time="11.360"/>
  <system-out/>
  <testcase classname="com.nexsoft.jcb.test.TestModulBucketValidasi" name="input_kolom_search_by_officer" time="10.595"/>
  <system-out/>
  <testcase classname="com.nexsoft.jcb.test.TestModulBucketValidasi" name="input_kolom_search_by_visit_date" time="12.462"/>
  <system-out/>
  <testcase classname="com.nexsoft.jcb.test.TestModulBucketValidasi" name="input_kolom_search_by_note" time="11.082"/>
  <system-out/>
  <testcase classname="com.nexsoft.jcb.test.TestModulBucketValidasi" name="input_kolom_search_by_huruf_random" time="11.748"/>
  <system-out/>
  <testcase classname="com.nexsoft.jcb.test.TestModulBucketValidasi" name="input_kolom_search_by_simbol" time="11.544"/>
  <system-out/>
  <testcase classname="com.nexsoft.jcb.test.TestModulBucketValidasi" name="input_kolom_search_menggunakan_spasi" time="11.023"/>
  <system-out/>
  <testcase classname="com.nexsoft.jcb.test.TestModulBucketValidasi" name="input_kolom_search_tanpa_isi" time="11.265"/>
  <system-out/>
  <testcase classname="com.nexsoft.jcb.test.TestModulBucketValidasi" name="fungsi_button_mata" time="9.840"/>
  <system-out/>
  <testcase classname="com.nexsoft.jcb.test.TestModulBucketValidasi" name="cek_popup_foto_depan_toko" time="13.176"/>
  <system-out/>
  <testcase classname="com.nexsoft.jcb.test.TestModulBucketValidasi" name="cek_popup_foto_struk_edc" time="13.266"/>
  <system-out/>
  <testcase classname="com.nexsoft.jcb.test.TestModulBucketValidasi" name="cek_popup_spot_meja_kasir_before" time="14.001"/>
  <system-out/>
  <testcase classname="com.nexsoft.jcb.test.TestModulBucketValidasi" name="cek_popup_spot_meja_kasir_after" time="13.076"/>
  <system-out/>
  <testcase classname="com.nexsoft.jcb.test.TestModulBucketValidasi" name="cek_popup_spot_pintu_masuk_before" time="14.163"/>
  <system-out/>
  <testcase classname="com.nexsoft.jcb.test.TestModulBucketValidasi" name="cek_popup_spot_pintu_masuk_after" time="14.891"/>
  <system-out/>
  <testcase classname="com.nexsoft.jcb.test.TestModulBucketValidasi" name="cek_popup_other_principal" time="13.555"/>
  <system-out/>
  <testcase classname="com.nexsoft.jcb.test.TestModulBucketValidasi" name="menekan_button_validate" time="17.064"/>
  <system-out/>
  <testcase classname="com.nexsoft.jcb.test.TestModulBucketValidasi" name="validasi_menekan_submit_validate" time="13.720"/>
  <system-out/>
  <testcase classname="com.nexsoft.jcb.test.TestModulBucketValidasi" name="validasi_menekan_cancel_validate" time="16.541"/>
  <system-out/>
  <testcase classname="com.nexsoft.jcb.test.TestModulBucketValidasi" name="validasi_menekan_btnX_validate" time="17.672"/>
  <system-out/>
  <testcase classname="com.nexsoft.jcb.test.TestModulBucketValidasi" name="validasi_menekan_btn_return" time="16.182"/>
  <system-out/>
  <testcase classname="com.nexsoft.jcb.test.TestModulBucketValidasi" name="return_detail_validasi_dengan_isi_kombinasi" time="16.809"/>
  <system-out/>
  <testcase classname="com.nexsoft.jcb.test.TestModulBucketValidasi" name="return_detail_validasi_dengan_isi_alfabet" time="17.628"/>
  <system-out/>
  <testcase classname="com.nexsoft.jcb.test.TestModulBucketValidasi" name="return_detail_validasi_dengan_isi_numerik" time="17.768"/>
  <system-out/>
  <testcase classname="com.nexsoft.jcb.test.TestModulBucketValidasi" name="return_detail_validasi_dengan_isi_simbol" time="19.678"/>
  <system-out/>
  <testcase classname="com.nexsoft.jcb.test.TestModulBucketValidasi" name="return_detail_validasi_tanpa_isi_notes" time="24.275"/>
  <system-out/>
  <testcase classname="com.nexsoft.jcb.test.TestModulBucketValidasi" name="validasi_menekan_cancel_return" time="17.056"/>
  <system-out/>
  <testcase classname="com.nexsoft.jcb.test.TestModulBucketValidasi" name="validasi_menekan_btnX_return" time="16.210"/>
  <system-out/>
  <testcase classname="com.nexsoft.jcb.test.TestModulBucketValidasi" name="validasi_menekan_btn_reject" time="13.702"/>
  <system-out/>
  <testcase classname="com.nexsoft.jcb.test.TestModulBucketValidasi" name="reject_detail_validasi_dengan_isi_kombinasi" time="16.461"/>
  <system-out/>
  <testcase classname="com.nexsoft.jcb.test.TestModulBucketValidasi" name="reject_detail_validasi_dengan_isi_alfabet" time="15.562"/>
  <system-out/>
  <testcase classname="com.nexsoft.jcb.test.TestModulBucketValidasi" name="reject_detail_validasi_dengan_isi_numerik" time="16.469"/>
  <system-out/>
  <testcase classname="com.nexsoft.jcb.test.TestModulBucketValidasi" name="reject_detail_validasi_dengan_isi_simbol" time="16.379"/>
  <system-out/>
  <testcase classname="com.nexsoft.jcb.test.TestModulBucketValidasi" name="reject_detail_validasi_tanpa_isi_notes" time="18.987"/>
  <system-out/>
  <testcase classname="com.nexsoft.jcb.test.TestModulBucketValidasi" name="validasi_menekan_cancel_reject" time="13.202"/>
  <system-out/>
  <testcase classname="com.nexsoft.jcb.test.TestModulBucketValidasi" name="validasi_menekan_btnX_reject" time="14.643"/>
  <system-out/>
  <testcase classname="com.nexsoft.jcb.test.TestModulBucketValidasi" name="validasi_menekan_btn_scroll" time="9.129"/>
  <system-out/>
  <testcase classname="com.nexsoft.jcb.test.TestModulBucketValidasi" name="validasi_menekan_submit_reject">
    <skipped/>
  </testcase> <!-- validasi_menekan_submit_reject -->
  <system-out/>
  <testcase classname="com.nexsoft.jcb.test.TestModulBucketValidasi" name="validasi_menekan_submit_return">
    <skipped/>
  </testcase> <!-- validasi_menekan_submit_return -->
  <system-out/>
</testsuite> <!-- com.nexsoft.jcb.test.TestModulBucketValidasi -->
