<?xml version="1.0" encoding="UTF-8"?>
<!-- Generated by org.testng.reporters.JUnitReportReporter -->
<testsuite hostname="LAPTOP-INFITVQT" failures="0" tests="12" name="com.nexsoft.jcb.test.TestModulLogin" time="2.175" errors="1" timestamp="2022-07-04T14:13:08 ICT" skipped="0">
  <testcase classname="com.nexsoft.jcb.test.TestModulLogin" name="input_username_tanpa_password_dan_tekan_login" time="0.142"/>
  <system-out/>
  <testcase classname="com.nexsoft.jcb.test.TestModulLogin" name="input_password_tanpa_username_dan_tekan_login" time="0.149"/>
  <system-out/>
  <testcase classname="com.nexsoft.jcb.test.TestModulLogin" name="input_username_invalid_dan_password_valid_dan_tekan_login" time="0.159"/>
  <system-out/>
  <testcase classname="com.nexsoft.jcb.test.TestModulLogin" name="input_username_valid_dan_password_invalid_dan_tekan_login" time="0.171"/>
  <system-out/>
  <testcase classname="com.nexsoft.jcb.test.TestModulLogin" name="input_username_panjang_dan_tekan_login" time="0.134"/>
  <system-out/>
  <testcase classname="com.nexsoft.jcb.test.TestModulLogin" name="input_password_panjang_dan_tekan_login" time="0.175"/>
  <system-out/>
  <testcase classname="com.nexsoft.jcb.test.TestModulLogin" name="input_username_valid_dengan_huruf_besar_kecil_dan_tekan_login" time="0.131"/>
  <system-out/>
  <testcase classname="com.nexsoft.jcb.test.TestModulLogin" name="input_password_valid_dengan_huruf_besar_kecil_dan_tekan_login" time="0.270"/>
  <system-out/>
  <testcase classname="com.nexsoft.jcb.test.TestModulLogin" name="username_dan_password_kosong" time="0.200"/>
  <system-out/>
  <testcase classname="com.nexsoft.jcb.test.TestModulLogin" name="input_username_dan_password_valid_sebagai_admin" time="0.321">
    <error message="Keys to send should be a not null CharSequence" type="java.lang.IllegalArgumentException">
      <![CDATA[java.lang.IllegalArgumentException: Keys to send should be a not null CharSequence
at org.openqa.selenium.remote.RemoteWebElement.sendKeys(RemoteWebElement.java:92)
at java.base/jdk.internal.reflect.NativeMethodAccessorImpl.invoke0(Native Method)
at java.base/jdk.internal.reflect.NativeMethodAccessorImpl.invoke(NativeMethodAccessorImpl.java:62)
at java.base/jdk.internal.reflect.DelegatingMethodAccessorImpl.invoke(DelegatingMethodAccessorImpl.java:43)
at java.base/java.lang.reflect.Method.invoke(Method.java:566)
at org.openqa.selenium.support.pagefactory.internal.LocatingElementHandler.invoke(LocatingElementHandler.java:52)
at com.sun.proxy.$Proxy16.sendKeys(Unknown Source)
at com.nexsoft.jcb.pom.JCBLoginPage.inputFieldUsername(JCBLoginPage.java:36)
at com.nexsoft.jcb.test.TestModulLogin.input_username_dan_password_valid_sebagai_admin(TestModulLogin.java:81)
at java.base/jdk.internal.reflect.NativeMethodAccessorImpl.invoke0(Native Method)
at java.base/jdk.internal.reflect.NativeMethodAccessorImpl.invoke(NativeMethodAccessorImpl.java:62)
at java.base/jdk.internal.reflect.DelegatingMethodAccessorImpl.invoke(DelegatingMethodAccessorImpl.java:43)
at java.base/java.lang.reflect.Method.invoke(Method.java:566)
at org.testng.internal.invokers.MethodInvocationHelper.invokeMethod(MethodInvocationHelper.java:139)
at org.testng.internal.invokers.TestInvoker.invokeMethod(TestInvoker.java:677)
at org.testng.internal.invokers.TestInvoker.invokeTestMethod(TestInvoker.java:221)
at org.testng.internal.invokers.MethodRunner.runInSequence(MethodRunner.java:50)
at org.testng.internal.invokers.TestInvoker$MethodInvocationAgent.invoke(TestInvoker.java:962)
at org.testng.internal.invokers.TestInvoker.invokeTestMethods(TestInvoker.java:194)
at org.testng.internal.invokers.TestMethodWorker.invokeTestMethods(TestMethodWorker.java:148)
at org.testng.internal.invokers.TestMethodWorker.run(TestMethodWorker.java:128)
at java.base/java.util.ArrayList.forEach(ArrayList.java:1541)
at org.testng.TestRunner.privateRun(TestRunner.java:806)
at org.testng.TestRunner.run(TestRunner.java:601)
at org.testng.SuiteRunner.runTest(SuiteRunner.java:433)
at org.testng.SuiteRunner.runSequentially(SuiteRunner.java:427)
at org.testng.SuiteRunner.privateRun(SuiteRunner.java:387)
at org.testng.SuiteRunner.run(SuiteRunner.java:330)
at org.testng.SuiteRunnerWorker.runSuite(SuiteRunnerWorker.java:52)
at org.testng.SuiteRunnerWorker.run(SuiteRunnerWorker.java:95)
at org.testng.TestNG.runSuitesSequentially(TestNG.java:1256)
at org.testng.TestNG.runSuitesLocally(TestNG.java:1176)
at org.testng.TestNG.runSuites(TestNG.java:1099)
at org.testng.TestNG.run(TestNG.java:1067)
at org.testng.remote.AbstractRemoteTestNG.run(AbstractRemoteTestNG.java:115)
at org.testng.remote.RemoteTestNG.initAndRun(RemoteTestNG.java:251)
at org.testng.remote.RemoteTestNG.main(RemoteTestNG.java:77)
]]>
    </error>
  </testcase> <!-- input_username_dan_password_valid_sebagai_admin -->
  <system-out/>
  <testcase classname="com.nexsoft.jcb.test.TestModulLogin" name="input_username_dan_password_valid_sebagai_surveyor" time="0.135"/>
  <system-out/>
  <testcase classname="com.nexsoft.jcb.test.TestModulLogin" name="tekan_tombol_logout_setelah_berhasil_login" time="0.188"/>
  <system-out/>
</testsuite> <!-- com.nexsoft.jcb.test.TestModulLogin -->
