<html>
<head>
<title>TestNG:  JCB Modul Monitoring Test</title>
<link href="../testng.css" rel="stylesheet" type="text/css" />
<link href="../my-testng.css" rel="stylesheet" type="text/css" />

<style type="text/css">
.log { display: none;} 
.stack-trace { display: none;} 
</style>
<script type="text/javascript">
<!--
function flip(e) {
  current = e.style.display;
  if (current == 'block') {
    e.style.display = 'none';
    return 0;
  }
  else {
    e.style.display = 'block';
    return 1;
  }
}

function toggleBox(szDivId, elem, msg1, msg2)
{
  var res = -1;  if (document.getElementById) {
    res = flip(document.getElementById(szDivId));
  }
  else if (document.all) {
    // this is the way old msie versions work
    res = flip(document.all[szDivId]);
  }
  if(elem) {
    if(res == 0) elem.innerHTML = msg1; else elem.innerHTML = msg2;
  }

}

function toggleAllBoxes() {
  if (document.getElementsByTagName) {
    d = document.getElementsByTagName('div');
    for (i = 0; i < d.length; i++) {
      if (d[i].className == 'log') {
        flip(d[i]);
      }
    }
  }
}

// -->
</script>

</head>
<body>
<h2 align='center'>JCB Modul Monitoring Test</h2><table border='1' align="center">
<tr>
<td>Tests passed/Failed/Skipped:</td><td>31/7/0</td>
</tr><tr>
<td>Started on:</td><td>Wed Jul 13 13:06:05 WIB 2022</td>
</tr>
<tr><td>Total time:</td><td>884 seconds (884072 ms)</td>
</tr><tr>
<td>Included groups:</td><td></td>
</tr><tr>
<td>Excluded groups:</td><td></td>
</tr>
</table><p/>
<small><i>(Hover the method name to see the test class name)</i></small><p/>
<table width='100%' border='1' class='invocation-failed'>
<tr><td colspan='4' align='center'><b>FAILED TESTS</b></td></tr>
<tr><td><b>Test method</b></td>
<td><b>Attribute(s)</b></td>
<td width="30%"><b>Exception</b></td>
<td width="10%"><b>Time (seconds)</b></td>
<td><b>Instance</b></td>
</tr>
<tr>
<td title='com.nexsoft.jcb.test.TestModulMonitoring.input_kolom_search_by_potongan_detail_dari_yogyakarta()'><b>input_kolom_search_by_potongan_detail_dari_yogyakarta</b><br>Test class: com.nexsoft.jcb.test.TestModulMonitoring</td>
<td><div><pre>java.lang.AssertionError: One of the row doesn&apos;t contain data that match keyword expected [true] but found [false]
	at com.nexsoft.jcb.test.TestModulMonitoring.input_kolom_search_by_potongan_detail_dari_yogyakarta(TestModulMonitoring.java:360)
	at java.base/java.util.ArrayList.forEach(ArrayList.java:1511)
... Removed 28 stack frames</pre></div><a href='#' onClick='toggleBox("stack-trace1692381981", this, "Click to show all stack frames", "Click to hide stack frames")'>Click to show all stack frames</a>
<div class='stack-trace' id='stack-trace1692381981'><pre>java.lang.AssertionError: One of the row doesn&apos;t contain data that match keyword expected [true] but found [false]
	at org.testng.Assert.fail(Assert.java:110)
	at org.testng.Assert.failNotEquals(Assert.java:1413)
	at org.testng.Assert.assertTrue(Assert.java:56)
	at com.nexsoft.jcb.test.TestModulMonitoring.input_kolom_search_by_potongan_detail_dari_yogyakarta(TestModulMonitoring.java:360)
	at java.base/jdk.internal.reflect.DirectMethodHandleAccessor.invoke(DirectMethodHandleAccessor.java:104)
	at java.base/java.lang.reflect.Method.invoke(Method.java:577)
	at org.testng.internal.invokers.MethodInvocationHelper.invokeMethod(MethodInvocationHelper.java:139)
	at org.testng.internal.invokers.TestInvoker.invokeMethod(TestInvoker.java:677)
	at org.testng.internal.invokers.TestInvoker.invokeTestMethod(TestInvoker.java:221)
	at org.testng.internal.invokers.MethodRunner.runInSequence(MethodRunner.java:50)
	at org.testng.internal.invokers.TestInvoker$MethodInvocationAgent.invoke(TestInvoker.java:962)
	at org.testng.internal.invokers.TestInvoker.invokeTestMethods(TestInvoker.java:194)
	at org.testng.internal.invokers.TestMethodWorker.invokeTestMethods(TestMethodWorker.java:148)
	at org.testng.internal.invokers.TestMethodWorker.run(TestMethodWorker.java:128)
	at java.base/java.util.ArrayList.forEach(ArrayList.java:1511)
	at org.testng.TestRunner.privateRun(TestRunner.java:806)
	at org.testng.TestRunner.run(TestRunner.java:601)
	at org.testng.SuiteRunner.runTest(SuiteRunner.java:433)
	at org.testng.SuiteRunner.runSequentially(SuiteRunner.java:427)
	at org.testng.SuiteRunner.privateRun(SuiteRunner.java:387)
	at org.testng.SuiteRunner.run(SuiteRunner.java:330)
	at org.testng.SuiteRunnerWorker.runSuite(SuiteRunnerWorker.java:52)
	at org.testng.SuiteRunnerWorker.run(SuiteRunnerWorker.java:95)
	at org.testng.TestNG.runSuitesSequentially(TestNG.java:1256)
	at org.testng.TestNG.runSuitesLocally(TestNG.java:1176)
	at org.testng.TestNG.runSuites(TestNG.java:1099)
	at org.testng.TestNG.run(TestNG.java:1067)
	at org.testng.remote.AbstractRemoteTestNG.run(AbstractRemoteTestNG.java:115)
	at org.testng.remote.RemoteTestNG.initAndRun(RemoteTestNG.java:251)
	at org.testng.remote.RemoteTestNG.main(RemoteTestNG.java:77)
</pre></div></td>
<td>17</td>
<td>com.nexsoft.jcb.test.TestModulMonitoring@576d5deb</td></tr>
<tr>
<td title='com.nexsoft.jcb.test.TestModulMonitoring.input_kolom_search_by_TotalVisit()'><b>input_kolom_search_by_TotalVisit</b><br>Test class: com.nexsoft.jcb.test.TestModulMonitoring<br/>
<a href="#Output-388444787" onClick='toggleBox("Output-388444787", this, "Show output", "Hide output");'>Show output</a>

<a href="#Output-388444787" onClick="toggleAllBoxes();">Show all outputs</a>
<div class='log' id="Output-388444787">
<img src='file://D:\TA\ScreenShoot\Fail20220713_130741.PNG'height="350" width="792"/><br/>
</div>
</td>
<td><div><pre>java.lang.AssertionError: One of the row doesn&apos;t contain data that match keyword expected [true] but found [false]
	at com.nexsoft.jcb.test.TestModulMonitoring.input_kolom_search_by_TotalVisit(TestModulMonitoring.java:154)
	at java.base/java.util.ArrayList.forEach(ArrayList.java:1511)
... Removed 28 stack frames</pre></div><a href='#' onClick='toggleBox("stack-trace388444787", this, "Click to show all stack frames", "Click to hide stack frames")'>Click to show all stack frames</a>
<div class='stack-trace' id='stack-trace388444787'><pre>java.lang.AssertionError: One of the row doesn&apos;t contain data that match keyword expected [true] but found [false]
	at org.testng.Assert.fail(Assert.java:110)
	at org.testng.Assert.failNotEquals(Assert.java:1413)
	at org.testng.Assert.assertTrue(Assert.java:56)
	at com.nexsoft.jcb.test.TestModulMonitoring.input_kolom_search_by_TotalVisit(TestModulMonitoring.java:154)
	at java.base/jdk.internal.reflect.DirectMethodHandleAccessor.invoke(DirectMethodHandleAccessor.java:104)
	at java.base/java.lang.reflect.Method.invoke(Method.java:577)
	at org.testng.internal.invokers.MethodInvocationHelper.invokeMethod(MethodInvocationHelper.java:139)
	at org.testng.internal.invokers.TestInvoker.invokeMethod(TestInvoker.java:677)
	at org.testng.internal.invokers.TestInvoker.invokeTestMethod(TestInvoker.java:221)
	at org.testng.internal.invokers.MethodRunner.runInSequence(MethodRunner.java:50)
	at org.testng.internal.invokers.TestInvoker$MethodInvocationAgent.invoke(TestInvoker.java:962)
	at org.testng.internal.invokers.TestInvoker.invokeTestMethods(TestInvoker.java:194)
	at org.testng.internal.invokers.TestMethodWorker.invokeTestMethods(TestMethodWorker.java:148)
	at org.testng.internal.invokers.TestMethodWorker.run(TestMethodWorker.java:128)
	at java.base/java.util.ArrayList.forEach(ArrayList.java:1511)
	at org.testng.TestRunner.privateRun(TestRunner.java:806)
	at org.testng.TestRunner.run(TestRunner.java:601)
	at org.testng.SuiteRunner.runTest(SuiteRunner.java:433)
	at org.testng.SuiteRunner.runSequentially(SuiteRunner.java:427)
	at org.testng.SuiteRunner.privateRun(SuiteRunner.java:387)
	at org.testng.SuiteRunner.run(SuiteRunner.java:330)
	at org.testng.SuiteRunnerWorker.runSuite(SuiteRunnerWorker.java:52)
	at org.testng.SuiteRunnerWorker.run(SuiteRunnerWorker.java:95)
	at org.testng.TestNG.runSuitesSequentially(TestNG.java:1256)
	at org.testng.TestNG.runSuitesLocally(TestNG.java:1176)
	at org.testng.TestNG.runSuites(TestNG.java:1099)
	at org.testng.TestNG.run(TestNG.java:1067)
	at org.testng.remote.AbstractRemoteTestNG.run(AbstractRemoteTestNG.java:115)
	at org.testng.remote.RemoteTestNG.initAndRun(RemoteTestNG.java:251)
	at org.testng.remote.RemoteTestNG.main(RemoteTestNG.java:77)
</pre></div></td>
<td>17</td>
<td>com.nexsoft.jcb.test.TestModulMonitoring@576d5deb</td></tr>
<tr>
<td title='com.nexsoft.jcb.test.TestModulMonitoring.input_kolom_search_by_potongan_detail_dari_bekasitimur_dkk()'><b>input_kolom_search_by_potongan_detail_dari_bekasitimur_dkk</b><br>Test class: com.nexsoft.jcb.test.TestModulMonitoring</td>
<td><div><pre>java.lang.AssertionError: One of the row doesn&apos;t contain data that match keyword expected [true] but found [false]
	at com.nexsoft.jcb.test.TestModulMonitoring.input_kolom_search_by_potongan_detail_dari_bekasitimur_dkk(TestModulMonitoring.java:393)
	at java.base/java.util.ArrayList.forEach(ArrayList.java:1511)
... Removed 28 stack frames</pre></div><a href='#' onClick='toggleBox("stack-trace993347235", this, "Click to show all stack frames", "Click to hide stack frames")'>Click to show all stack frames</a>
<div class='stack-trace' id='stack-trace993347235'><pre>java.lang.AssertionError: One of the row doesn&apos;t contain data that match keyword expected [true] but found [false]
	at org.testng.Assert.fail(Assert.java:110)
	at org.testng.Assert.failNotEquals(Assert.java:1413)
	at org.testng.Assert.assertTrue(Assert.java:56)
	at com.nexsoft.jcb.test.TestModulMonitoring.input_kolom_search_by_potongan_detail_dari_bekasitimur_dkk(TestModulMonitoring.java:393)
	at java.base/jdk.internal.reflect.DirectMethodHandleAccessor.invoke(DirectMethodHandleAccessor.java:104)
	at java.base/java.lang.reflect.Method.invoke(Method.java:577)
	at org.testng.internal.invokers.MethodInvocationHelper.invokeMethod(MethodInvocationHelper.java:139)
	at org.testng.internal.invokers.TestInvoker.invokeMethod(TestInvoker.java:677)
	at org.testng.internal.invokers.TestInvoker.invokeTestMethod(TestInvoker.java:221)
	at org.testng.internal.invokers.MethodRunner.runInSequence(MethodRunner.java:50)
	at org.testng.internal.invokers.TestInvoker$MethodInvocationAgent.invoke(TestInvoker.java:962)
	at org.testng.internal.invokers.TestInvoker.invokeTestMethods(TestInvoker.java:194)
	at org.testng.internal.invokers.TestMethodWorker.invokeTestMethods(TestMethodWorker.java:148)
	at org.testng.internal.invokers.TestMethodWorker.run(TestMethodWorker.java:128)
	at java.base/java.util.ArrayList.forEach(ArrayList.java:1511)
	at org.testng.TestRunner.privateRun(TestRunner.java:806)
	at org.testng.TestRunner.run(TestRunner.java:601)
	at org.testng.SuiteRunner.runTest(SuiteRunner.java:433)
	at org.testng.SuiteRunner.runSequentially(SuiteRunner.java:427)
	at org.testng.SuiteRunner.privateRun(SuiteRunner.java:387)
	at org.testng.SuiteRunner.run(SuiteRunner.java:330)
	at org.testng.SuiteRunnerWorker.runSuite(SuiteRunnerWorker.java:52)
	at org.testng.SuiteRunnerWorker.run(SuiteRunnerWorker.java:95)
	at org.testng.TestNG.runSuitesSequentially(TestNG.java:1256)
	at org.testng.TestNG.runSuitesLocally(TestNG.java:1176)
	at org.testng.TestNG.runSuites(TestNG.java:1099)
	at org.testng.TestNG.run(TestNG.java:1067)
	at org.testng.remote.AbstractRemoteTestNG.run(AbstractRemoteTestNG.java:115)
	at org.testng.remote.RemoteTestNG.initAndRun(RemoteTestNG.java:251)
	at org.testng.remote.RemoteTestNG.main(RemoteTestNG.java:77)
</pre></div></td>
<td>28</td>
<td>com.nexsoft.jcb.test.TestModulMonitoring@576d5deb</td></tr>
<tr>
<td title='com.nexsoft.jcb.test.TestModulMonitoring.input_kolom_search_by_detail_dari_jakarta2()'><b>input_kolom_search_by_detail_dari_jakarta2</b><br>Test class: com.nexsoft.jcb.test.TestModulMonitoring</td>
<td><div><pre>java.lang.AssertionError: One of the row doesn&apos;t contain data that match keyword expected [true] but found [false]
	at com.nexsoft.jcb.test.TestModulMonitoring.input_kolom_search_by_detail_dari_jakarta2(TestModulMonitoring.java:326)
	at java.base/java.util.ArrayList.forEach(ArrayList.java:1511)
... Removed 28 stack frames</pre></div><a href='#' onClick='toggleBox("stack-trace1993403607", this, "Click to show all stack frames", "Click to hide stack frames")'>Click to show all stack frames</a>
<div class='stack-trace' id='stack-trace1993403607'><pre>java.lang.AssertionError: One of the row doesn&apos;t contain data that match keyword expected [true] but found [false]
	at org.testng.Assert.fail(Assert.java:110)
	at org.testng.Assert.failNotEquals(Assert.java:1413)
	at org.testng.Assert.assertTrue(Assert.java:56)
	at com.nexsoft.jcb.test.TestModulMonitoring.input_kolom_search_by_detail_dari_jakarta2(TestModulMonitoring.java:326)
	at java.base/jdk.internal.reflect.DirectMethodHandleAccessor.invoke(DirectMethodHandleAccessor.java:104)
	at java.base/java.lang.reflect.Method.invoke(Method.java:577)
	at org.testng.internal.invokers.MethodInvocationHelper.invokeMethod(MethodInvocationHelper.java:139)
	at org.testng.internal.invokers.TestInvoker.invokeMethod(TestInvoker.java:677)
	at org.testng.internal.invokers.TestInvoker.invokeTestMethod(TestInvoker.java:221)
	at org.testng.internal.invokers.MethodRunner.runInSequence(MethodRunner.java:50)
	at org.testng.internal.invokers.TestInvoker$MethodInvocationAgent.invoke(TestInvoker.java:962)
	at org.testng.internal.invokers.TestInvoker.invokeTestMethods(TestInvoker.java:194)
	at org.testng.internal.invokers.TestMethodWorker.invokeTestMethods(TestMethodWorker.java:148)
	at org.testng.internal.invokers.TestMethodWorker.run(TestMethodWorker.java:128)
	at java.base/java.util.ArrayList.forEach(ArrayList.java:1511)
	at org.testng.TestRunner.privateRun(TestRunner.java:806)
	at org.testng.TestRunner.run(TestRunner.java:601)
	at org.testng.SuiteRunner.runTest(SuiteRunner.java:433)
	at org.testng.SuiteRunner.runSequentially(SuiteRunner.java:427)
	at org.testng.SuiteRunner.privateRun(SuiteRunner.java:387)
	at org.testng.SuiteRunner.run(SuiteRunner.java:330)
	at org.testng.SuiteRunnerWorker.runSuite(SuiteRunnerWorker.java:52)
	at org.testng.SuiteRunnerWorker.run(SuiteRunnerWorker.java:95)
	at org.testng.TestNG.runSuitesSequentially(TestNG.java:1256)
	at org.testng.TestNG.runSuitesLocally(TestNG.java:1176)
	at org.testng.TestNG.runSuites(TestNG.java:1099)
	at org.testng.TestNG.run(TestNG.java:1067)
	at org.testng.remote.AbstractRemoteTestNG.run(AbstractRemoteTestNG.java:115)
	at org.testng.remote.RemoteTestNG.initAndRun(RemoteTestNG.java:251)
	at org.testng.remote.RemoteTestNG.main(RemoteTestNG.java:77)
</pre></div></td>
<td>18</td>
<td>com.nexsoft.jcb.test.TestModulMonitoring@576d5deb</td></tr>
<tr>
<td title='com.nexsoft.jcb.test.TestModulMonitoring.input_kolom_search_by_potongan_detail_dari_jakarta3()'><b>input_kolom_search_by_potongan_detail_dari_jakarta3</b><br>Test class: com.nexsoft.jcb.test.TestModulMonitoring<br/>
<a href="#Output-1905699057" onClick='toggleBox("Output-1905699057", this, "Show output", "Hide output");'>Show output</a>

<a href="#Output-1905699057" onClick="toggleAllBoxes();">Show all outputs</a>
<div class='log' id="Output-1905699057">
<img src='file://D:\TA\ScreenShoot\Fail20220713_131156.PNG'height="350" width="792"/><br/>
</div>
</td>
<td><div><pre>java.lang.AssertionError: One of the row doesn&apos;t contain data that match keyword expected [true] but found [false]
	at com.nexsoft.jcb.test.TestModulMonitoring.input_kolom_search_by_potongan_detail_dari_jakarta3(TestModulMonitoring.java:344)
	at java.base/java.util.ArrayList.forEach(ArrayList.java:1511)
... Removed 28 stack frames</pre></div><a href='#' onClick='toggleBox("stack-trace1905699057", this, "Click to show all stack frames", "Click to hide stack frames")'>Click to show all stack frames</a>
<div class='stack-trace' id='stack-trace1905699057'><pre>java.lang.AssertionError: One of the row doesn&apos;t contain data that match keyword expected [true] but found [false]
	at org.testng.Assert.fail(Assert.java:110)
	at org.testng.Assert.failNotEquals(Assert.java:1413)
	at org.testng.Assert.assertTrue(Assert.java:56)
	at com.nexsoft.jcb.test.TestModulMonitoring.input_kolom_search_by_potongan_detail_dari_jakarta3(TestModulMonitoring.java:344)
	at java.base/jdk.internal.reflect.DirectMethodHandleAccessor.invoke(DirectMethodHandleAccessor.java:104)
	at java.base/java.lang.reflect.Method.invoke(Method.java:577)
	at org.testng.internal.invokers.MethodInvocationHelper.invokeMethod(MethodInvocationHelper.java:139)
	at org.testng.internal.invokers.TestInvoker.invokeMethod(TestInvoker.java:677)
	at org.testng.internal.invokers.TestInvoker.invokeTestMethod(TestInvoker.java:221)
	at org.testng.internal.invokers.MethodRunner.runInSequence(MethodRunner.java:50)
	at org.testng.internal.invokers.TestInvoker$MethodInvocationAgent.invoke(TestInvoker.java:962)
	at org.testng.internal.invokers.TestInvoker.invokeTestMethods(TestInvoker.java:194)
	at org.testng.internal.invokers.TestMethodWorker.invokeTestMethods(TestMethodWorker.java:148)
	at org.testng.internal.invokers.TestMethodWorker.run(TestMethodWorker.java:128)
	at java.base/java.util.ArrayList.forEach(ArrayList.java:1511)
	at org.testng.TestRunner.privateRun(TestRunner.java:806)
	at org.testng.TestRunner.run(TestRunner.java:601)
	at org.testng.SuiteRunner.runTest(SuiteRunner.java:433)
	at org.testng.SuiteRunner.runSequentially(SuiteRunner.java:427)
	at org.testng.SuiteRunner.privateRun(SuiteRunner.java:387)
	at org.testng.SuiteRunner.run(SuiteRunner.java:330)
	at org.testng.SuiteRunnerWorker.runSuite(SuiteRunnerWorker.java:52)
	at org.testng.SuiteRunnerWorker.run(SuiteRunnerWorker.java:95)
	at org.testng.TestNG.runSuitesSequentially(TestNG.java:1256)
	at org.testng.TestNG.runSuitesLocally(TestNG.java:1176)
	at org.testng.TestNG.runSuites(TestNG.java:1099)
	at org.testng.TestNG.run(TestNG.java:1067)
	at org.testng.remote.AbstractRemoteTestNG.run(AbstractRemoteTestNG.java:115)
	at org.testng.remote.RemoteTestNG.initAndRun(RemoteTestNG.java:251)
	at org.testng.remote.RemoteTestNG.main(RemoteTestNG.java:77)
</pre></div></td>
<td>17</td>
<td>com.nexsoft.jcb.test.TestModulMonitoring@576d5deb</td></tr>
<tr>
<td title='com.nexsoft.jcb.test.TestModulMonitoring.input_kolom_search_by_potongan_detail_dari_jakarta()'><b>input_kolom_search_by_potongan_detail_dari_jakarta</b><br>Test class: com.nexsoft.jcb.test.TestModulMonitoring</td>
<td><div><pre>java.lang.AssertionError: One of the row doesn&apos;t contain data that match keyword expected [true] but found [false]
	at com.nexsoft.jcb.test.TestModulMonitoring.input_kolom_search_by_potongan_detail_dari_jakarta(TestModulMonitoring.java:311)
	at java.base/java.util.ArrayList.forEach(ArrayList.java:1511)
... Removed 28 stack frames</pre></div><a href='#' onClick='toggleBox("stack-trace164877646", this, "Click to show all stack frames", "Click to hide stack frames")'>Click to show all stack frames</a>
<div class='stack-trace' id='stack-trace164877646'><pre>java.lang.AssertionError: One of the row doesn&apos;t contain data that match keyword expected [true] but found [false]
	at org.testng.Assert.fail(Assert.java:110)
	at org.testng.Assert.failNotEquals(Assert.java:1413)
	at org.testng.Assert.assertTrue(Assert.java:56)
	at com.nexsoft.jcb.test.TestModulMonitoring.input_kolom_search_by_potongan_detail_dari_jakarta(TestModulMonitoring.java:311)
	at java.base/jdk.internal.reflect.DirectMethodHandleAccessor.invoke(DirectMethodHandleAccessor.java:104)
	at java.base/java.lang.reflect.Method.invoke(Method.java:577)
	at org.testng.internal.invokers.MethodInvocationHelper.invokeMethod(MethodInvocationHelper.java:139)
	at org.testng.internal.invokers.TestInvoker.invokeMethod(TestInvoker.java:677)
	at org.testng.internal.invokers.TestInvoker.invokeTestMethod(TestInvoker.java:221)
	at org.testng.internal.invokers.MethodRunner.runInSequence(MethodRunner.java:50)
	at org.testng.internal.invokers.TestInvoker$MethodInvocationAgent.invoke(TestInvoker.java:962)
	at org.testng.internal.invokers.TestInvoker.invokeTestMethods(TestInvoker.java:194)
	at org.testng.internal.invokers.TestMethodWorker.invokeTestMethods(TestMethodWorker.java:148)
	at org.testng.internal.invokers.TestMethodWorker.run(TestMethodWorker.java:128)
	at java.base/java.util.ArrayList.forEach(ArrayList.java:1511)
	at org.testng.TestRunner.privateRun(TestRunner.java:806)
	at org.testng.TestRunner.run(TestRunner.java:601)
	at org.testng.SuiteRunner.runTest(SuiteRunner.java:433)
	at org.testng.SuiteRunner.runSequentially(SuiteRunner.java:427)
	at org.testng.SuiteRunner.privateRun(SuiteRunner.java:387)
	at org.testng.SuiteRunner.run(SuiteRunner.java:330)
	at org.testng.SuiteRunnerWorker.runSuite(SuiteRunnerWorker.java:52)
	at org.testng.SuiteRunnerWorker.run(SuiteRunnerWorker.java:95)
	at org.testng.TestNG.runSuitesSequentially(TestNG.java:1256)
	at org.testng.TestNG.runSuitesLocally(TestNG.java:1176)
	at org.testng.TestNG.runSuites(TestNG.java:1099)
	at org.testng.TestNG.run(TestNG.java:1067)
	at org.testng.remote.AbstractRemoteTestNG.run(AbstractRemoteTestNG.java:115)
	at org.testng.remote.RemoteTestNG.initAndRun(RemoteTestNG.java:251)
	at org.testng.remote.RemoteTestNG.main(RemoteTestNG.java:77)
</pre></div></td>
<td>17</td>
<td>com.nexsoft.jcb.test.TestModulMonitoring@576d5deb</td></tr>
<tr>
<td title='com.nexsoft.jcb.test.TestModulMonitoring.input_kolom_search_by_potongan_detail_dari_bintaro()'><b>input_kolom_search_by_potongan_detail_dari_bintaro</b><br>Test class: com.nexsoft.jcb.test.TestModulMonitoring<br/>
<a href="#Output-1080743637" onClick='toggleBox("Output-1080743637", this, "Show output", "Hide output");'>Show output</a>

<a href="#Output-1080743637" onClick="toggleAllBoxes();">Show all outputs</a>
<div class='log' id="Output-1080743637">
<img src='file://D:\TA\ScreenShoot\Fail20220713_131238.PNG'height="350" width="792"/><br/>
</div>
</td>
<td><div><pre>java.lang.AssertionError: One of the row doesn&apos;t contain data that match keyword expected [true] but found [false]
	at com.nexsoft.jcb.test.TestModulMonitoring.input_kolom_search_by_potongan_detail_dari_bintaro(TestModulMonitoring.java:378)
	at java.base/java.util.ArrayList.forEach(ArrayList.java:1511)
... Removed 28 stack frames</pre></div><a href='#' onClick='toggleBox("stack-trace1080743637", this, "Click to show all stack frames", "Click to hide stack frames")'>Click to show all stack frames</a>
<div class='stack-trace' id='stack-trace1080743637'><pre>java.lang.AssertionError: One of the row doesn&apos;t contain data that match keyword expected [true] but found [false]
	at org.testng.Assert.fail(Assert.java:110)
	at org.testng.Assert.failNotEquals(Assert.java:1413)
	at org.testng.Assert.assertTrue(Assert.java:56)
	at com.nexsoft.jcb.test.TestModulMonitoring.input_kolom_search_by_potongan_detail_dari_bintaro(TestModulMonitoring.java:378)
	at java.base/jdk.internal.reflect.DirectMethodHandleAccessor.invoke(DirectMethodHandleAccessor.java:104)
	at java.base/java.lang.reflect.Method.invoke(Method.java:577)
	at org.testng.internal.invokers.MethodInvocationHelper.invokeMethod(MethodInvocationHelper.java:139)
	at org.testng.internal.invokers.TestInvoker.invokeMethod(TestInvoker.java:677)
	at org.testng.internal.invokers.TestInvoker.invokeTestMethod(TestInvoker.java:221)
	at org.testng.internal.invokers.MethodRunner.runInSequence(MethodRunner.java:50)
	at org.testng.internal.invokers.TestInvoker$MethodInvocationAgent.invoke(TestInvoker.java:962)
	at org.testng.internal.invokers.TestInvoker.invokeTestMethods(TestInvoker.java:194)
	at org.testng.internal.invokers.TestMethodWorker.invokeTestMethods(TestMethodWorker.java:148)
	at org.testng.internal.invokers.TestMethodWorker.run(TestMethodWorker.java:128)
	at java.base/java.util.ArrayList.forEach(ArrayList.java:1511)
	at org.testng.TestRunner.privateRun(TestRunner.java:806)
	at org.testng.TestRunner.run(TestRunner.java:601)
	at org.testng.SuiteRunner.runTest(SuiteRunner.java:433)
	at org.testng.SuiteRunner.runSequentially(SuiteRunner.java:427)
	at org.testng.SuiteRunner.privateRun(SuiteRunner.java:387)
	at org.testng.SuiteRunner.run(SuiteRunner.java:330)
	at org.testng.SuiteRunnerWorker.runSuite(SuiteRunnerWorker.java:52)
	at org.testng.SuiteRunnerWorker.run(SuiteRunnerWorker.java:95)
	at org.testng.TestNG.runSuitesSequentially(TestNG.java:1256)
	at org.testng.TestNG.runSuitesLocally(TestNG.java:1176)
	at org.testng.TestNG.runSuites(TestNG.java:1099)
	at org.testng.TestNG.run(TestNG.java:1067)
	at org.testng.remote.AbstractRemoteTestNG.run(AbstractRemoteTestNG.java:115)
	at org.testng.remote.RemoteTestNG.initAndRun(RemoteTestNG.java:251)
	at org.testng.remote.RemoteTestNG.main(RemoteTestNG.java:77)
</pre></div></td>
<td>17</td>
<td>com.nexsoft.jcb.test.TestModulMonitoring@576d5deb</td></tr>
</table><p>
<table width='100%' border='1' class='invocation-passed'>
<tr><td colspan='4' align='center'><b>PASSED TESTS</b></td></tr>
<tr><td><b>Test method</b></td>
<td><b>Attribute(s)</b></td>
<td width="30%"><b>Exception</b></td>
<td width="10%"><b>Time (seconds)</b></td>
<td><b>Instance</b></td>
</tr>
<tr>
<td title='com.nexsoft.jcb.test.TestModulMonitoring.search_saat_expand_by_kota()'><b>search_saat_expand_by_kota</b><br>Test class: com.nexsoft.jcb.test.TestModulMonitoring</td>
<td></td>
<td>22</td>
<td>com.nexsoft.jcb.test.TestModulMonitoring@576d5deb</td></tr>
<tr>
<td title='com.nexsoft.jcb.test.TestModulMonitoring.tekan_btn_minus()'><b>tekan_btn_minus</b><br>Test class: com.nexsoft.jcb.test.TestModulMonitoring</td>
<td></td>
<td>15</td>
<td>com.nexsoft.jcb.test.TestModulMonitoring@576d5deb</td></tr>
<tr>
<td title='com.nexsoft.jcb.test.TestModulMonitoring.memeriksa_btn_expand_compress_monitoring()'><b>memeriksa_btn_expand_compress_monitoring</b><br>Test class: com.nexsoft.jcb.test.TestModulMonitoring</td>
<td></td>
<td>32</td>
<td>com.nexsoft.jcb.test.TestModulMonitoring@576d5deb</td></tr>
<tr>
<td title='com.nexsoft.jcb.test.TestModulMonitoring.search_saat_expand_by_potongan_kata_5_huruf()'><b>search_saat_expand_by_potongan_kata_5_huruf</b><br>Test class: com.nexsoft.jcb.test.TestModulMonitoring</td>
<td></td>
<td>22</td>
<td>com.nexsoft.jcb.test.TestModulMonitoring@576d5deb</td></tr>
<tr>
<td title='com.nexsoft.jcb.test.TestModulMonitoring.input_kolom_search_by_potongan_kata_5_huruf()'><b>input_kolom_search_by_potongan_kata_5_huruf</b><br>Test class: com.nexsoft.jcb.test.TestModulMonitoring</td>
<td></td>
<td>17</td>
<td>com.nexsoft.jcb.test.TestModulMonitoring@576d5deb</td></tr>
<tr>
<td title='com.nexsoft.jcb.test.TestModulMonitoring.search_saat_expand_tanpa_isi()'><b>search_saat_expand_tanpa_isi</b><br>Test class: com.nexsoft.jcb.test.TestModulMonitoring</td>
<td></td>
<td>22</td>
<td>com.nexsoft.jcb.test.TestModulMonitoring@576d5deb</td></tr>
<tr>
<td title='com.nexsoft.jcb.test.TestModulMonitoring.validasi_menekan_btn_scroll()'><b>validasi_menekan_btn_scroll</b><br>Test class: com.nexsoft.jcb.test.TestModulMonitoring</td>
<td></td>
<td>15</td>
<td>com.nexsoft.jcb.test.TestModulMonitoring@576d5deb</td></tr>
<tr>
<td title='com.nexsoft.jcb.test.TestModulMonitoring.input_kolom_search_by_potongan_kata_5_huruf_dengan_spasi()'><b>input_kolom_search_by_potongan_kata_5_huruf_dengan_spasi</b><br>Test class: com.nexsoft.jcb.test.TestModulMonitoring</td>
<td></td>
<td>17</td>
<td>com.nexsoft.jcb.test.TestModulMonitoring@576d5deb</td></tr>
<tr>
<td title='com.nexsoft.jcb.test.TestModulMonitoring.search_saat_expand_by_potongan_kata_4_huruf()'><b>search_saat_expand_by_potongan_kata_4_huruf</b><br>Test class: com.nexsoft.jcb.test.TestModulMonitoring</td>
<td></td>
<td>21</td>
<td>com.nexsoft.jcb.test.TestModulMonitoring@576d5deb</td></tr>
<tr>
<td title='com.nexsoft.jcb.test.TestModulMonitoring.input_kolom_search_by_tanpa_isi()'><b>input_kolom_search_by_tanpa_isi</b><br>Test class: com.nexsoft.jcb.test.TestModulMonitoring</td>
<td></td>
<td>18</td>
<td>com.nexsoft.jcb.test.TestModulMonitoring@576d5deb</td></tr>
<tr>
<td title='com.nexsoft.jcb.test.TestModulMonitoring.search_saat_expand_by_potongan_kata_5_huruf_dengan_spasi()'><b>search_saat_expand_by_potongan_kata_5_huruf_dengan_spasi</b><br>Test class: com.nexsoft.jcb.test.TestModulMonitoring</td>
<td></td>
<td>22</td>
<td>com.nexsoft.jcb.test.TestModulMonitoring@576d5deb</td></tr>
<tr>
<td title='com.nexsoft.jcb.test.TestModulMonitoring.tekan_btn_plus_di_3_kota()'><b>tekan_btn_plus_di_3_kota</b><br>Test class: com.nexsoft.jcb.test.TestModulMonitoring</td>
<td></td>
<td>14</td>
<td>com.nexsoft.jcb.test.TestModulMonitoring@576d5deb</td></tr>
<tr>
<td title='com.nexsoft.jcb.test.TestModulMonitoring.input_kolom_search_by_spasi()'><b>input_kolom_search_by_spasi</b><br>Test class: com.nexsoft.jcb.test.TestModulMonitoring<br/>
<a href="#Output-669132924" onClick='toggleBox("Output-669132924", this, "Show output", "Hide output");'>Show output</a>

<a href="#Output-669132924" onClick="toggleAllBoxes();">Show all outputs</a>
<div class='log' id="Output-669132924">
<img src='file://D:\TA\ScreenShoot\Fail20220713_130929.PNG'height="350" width="792"/><br/>
</div>
</td>
<td></td>
<td>18</td>
<td>com.nexsoft.jcb.test.TestModulMonitoring@576d5deb</td></tr>
<tr>
<td title='com.nexsoft.jcb.test.TestModulMonitoring.input_kolom_search_by_kota()'><b>input_kolom_search_by_kota</b><br>Test class: com.nexsoft.jcb.test.TestModulMonitoring</td>
<td></td>
<td>18</td>
<td>com.nexsoft.jcb.test.TestModulMonitoring@576d5deb</td></tr>
<tr>
<td title='com.nexsoft.jcb.test.TestModulMonitoring.tekan_btn_plus()'><b>tekan_btn_plus</b><br>Test class: com.nexsoft.jcb.test.TestModulMonitoring</td>
<td></td>
<td>14</td>
<td>com.nexsoft.jcb.test.TestModulMonitoring@576d5deb</td></tr>
<tr>
<td title='com.nexsoft.jcb.test.TestModulMonitoring.search_saat_expand_by_simbol()'><b>search_saat_expand_by_simbol</b><br>Test class: com.nexsoft.jcb.test.TestModulMonitoring</td>
<td></td>
<td>21</td>
<td>com.nexsoft.jcb.test.TestModulMonitoring@576d5deb</td></tr>
<tr>
<td title='com.nexsoft.jcb.test.TestModulMonitoring.search_saat_expand_by_price()'><b>search_saat_expand_by_price</b><br>Test class: com.nexsoft.jcb.test.TestModulMonitoring</td>
<td></td>
<td>21</td>
<td>com.nexsoft.jcb.test.TestModulMonitoring@576d5deb</td></tr>
<tr>
<td title='com.nexsoft.jcb.test.TestModulMonitoring.search_saat_expand_by_total_visit()'><b>search_saat_expand_by_total_visit</b><br>Test class: com.nexsoft.jcb.test.TestModulMonitoring</td>
<td></td>
<td>22</td>
<td>com.nexsoft.jcb.test.TestModulMonitoring@576d5deb</td></tr>
<tr>
<td title='com.nexsoft.jcb.test.TestModulMonitoring.input_kolom_search_by_TotalVisit2()'><b>input_kolom_search_by_TotalVisit2</b><br>Test class: com.nexsoft.jcb.test.TestModulMonitoring</td>
<td></td>
<td>18</td>
<td>com.nexsoft.jcb.test.TestModulMonitoring@576d5deb</td></tr>
<tr>
<td title='com.nexsoft.jcb.test.TestModulMonitoring.input_kolom_search_by_Price()'><b>input_kolom_search_by_Price</b><br>Test class: com.nexsoft.jcb.test.TestModulMonitoring</td>
<td></td>
<td>17</td>
<td>com.nexsoft.jcb.test.TestModulMonitoring@576d5deb</td></tr>
<tr>
<td title='com.nexsoft.jcb.test.TestModulMonitoring.tekan_btn_plus_di_2_kota()'><b>tekan_btn_plus_di_2_kota</b><br>Test class: com.nexsoft.jcb.test.TestModulMonitoring</td>
<td></td>
<td>15</td>
<td>com.nexsoft.jcb.test.TestModulMonitoring@576d5deb</td></tr>
<tr>
<td title='com.nexsoft.jcb.test.TestModulMonitoring.search_saat_expand_by_TotalData()'><b>search_saat_expand_by_TotalData</b><br>Test class: com.nexsoft.jcb.test.TestModulMonitoring</td>
<td></td>
<td>21</td>
<td>com.nexsoft.jcb.test.TestModulMonitoring@576d5deb</td></tr>
<tr>
<td title='com.nexsoft.jcb.test.TestModulMonitoring.search_saat_expand_by_potongan_kata_3_huruf()'><b>search_saat_expand_by_potongan_kata_3_huruf</b><br>Test class: com.nexsoft.jcb.test.TestModulMonitoring<br/>
<a href="#Output-543615127" onClick='toggleBox("Output-543615127", this, "Show output", "Hide output");'>Show output</a>

<a href="#Output-543615127" onClick="toggleAllBoxes();">Show all outputs</a>
<div class='log' id="Output-543615127">
<img src='file://D:\TA\ScreenShoot\Fail20220713_131619.PNG'height="350" width="792"/><br/>
</div>
</td>
<td></td>
<td>21</td>
<td>com.nexsoft.jcb.test.TestModulMonitoring@576d5deb</td></tr>
<tr>
<td title='com.nexsoft.jcb.test.TestModulMonitoring.input_kolom_search_by_potongan_kata_3_huruf()'><b>input_kolom_search_by_potongan_kata_3_huruf</b><br>Test class: com.nexsoft.jcb.test.TestModulMonitoring<br/>
<a href="#Output-974587617" onClick='toggleBox("Output-974587617", this, "Show output", "Hide output");'>Show output</a>

<a href="#Output-974587617" onClick="toggleAllBoxes();">Show all outputs</a>
<div class='log' id="Output-974587617">
<img src='file://D:\TA\ScreenShoot\Fail20220713_130847.PNG'height="350" width="792"/><br/>
</div>
</td>
<td></td>
<td>16</td>
<td>com.nexsoft.jcb.test.TestModulMonitoring@576d5deb</td></tr>
<tr>
<td title='com.nexsoft.jcb.test.TestModulMonitoring.input_kolom_search_by_simbol()'><b>input_kolom_search_by_simbol</b><br>Test class: com.nexsoft.jcb.test.TestModulMonitoring</td>
<td></td>
<td>17</td>
<td>com.nexsoft.jcb.test.TestModulMonitoring@576d5deb</td></tr>
<tr>
<td title='com.nexsoft.jcb.test.TestModulMonitoring.tekan_tombol_collapse_or_expand_monitoring()'><b>tekan_tombol_collapse_or_expand_monitoring</b><br>Test class: com.nexsoft.jcb.test.TestModulMonitoring</td>
<td></td>
<td>20</td>
<td>com.nexsoft.jcb.test.TestModulMonitoring@576d5deb</td></tr>
<tr>
<td title='com.nexsoft.jcb.test.TestModulMonitoring.validasi_menekan_btn_scroll_saat_plus()'><b>validasi_menekan_btn_scroll_saat_plus</b><br>Test class: com.nexsoft.jcb.test.TestModulMonitoring</td>
<td></td>
<td>17</td>
<td>com.nexsoft.jcb.test.TestModulMonitoring@576d5deb</td></tr>
<tr>
<td title='com.nexsoft.jcb.test.TestModulMonitoring.input_kolom_search_by_TotalData()'><b>input_kolom_search_by_TotalData</b><br>Test class: com.nexsoft.jcb.test.TestModulMonitoring</td>
<td></td>
<td>17</td>
<td>com.nexsoft.jcb.test.TestModulMonitoring@576d5deb</td></tr>
<tr>
<td title='com.nexsoft.jcb.test.TestModulMonitoring.input_kolom_search_by_potongan_kata_4_huruf()'><b>input_kolom_search_by_potongan_kata_4_huruf</b><br>Test class: com.nexsoft.jcb.test.TestModulMonitoring</td>
<td></td>
<td>17</td>
<td>com.nexsoft.jcb.test.TestModulMonitoring@576d5deb</td></tr>
<tr>
<td title='com.nexsoft.jcb.test.TestModulMonitoring.tekan_monitoring_page()'><b>tekan_monitoring_page</b><br>Test class: com.nexsoft.jcb.test.TestModulMonitoring</td>
<td></td>
<td>14</td>
<td>com.nexsoft.jcb.test.TestModulMonitoring@576d5deb</td></tr>
<tr>
<td title='com.nexsoft.jcb.test.TestModulMonitoring.search_saat_expand_menggunakan_spasi()'><b>search_saat_expand_menggunakan_spasi</b><br>Test class: com.nexsoft.jcb.test.TestModulMonitoring<br/>
<a href="#Output-1692202851" onClick='toggleBox("Output-1692202851", this, "Show output", "Hide output");'>Show output</a>

<a href="#Output-1692202851" onClick="toggleAllBoxes();">Show all outputs</a>
<div class='log' id="Output-1692202851">
<img src='file://D:\TA\ScreenShoot\Fail20220713_131711.PNG'height="350" width="792"/><br/>
</div>
</td>
<td></td>
<td>22</td>
<td>com.nexsoft.jcb.test.TestModulMonitoring@576d5deb</td></tr>
</table><p>
</body>
</html>