<?xml version="1.0" encoding="UTF-8"?>
<!-- Generated by org.testng.reporters.JUnitXMLReporter -->
<testsuite ignored="0" hostname="LAPTOP-INFITVQT" failures="5" tests="50" name="JCB Modul Bucket Validasi Test" time="661.907" errors="0" timestamp="2022-07-14T11:56:37 WIB">
  <testcase classname="com.nexsoft.jcb.test.TestModulBucketValidasi" name="tekan_bucket_dan_bucket_validasi" time="5.564"/>
  <testcase classname="com.nexsoft.jcb.test.TestModulBucketValidasi" name="filter_all_area" time="13.853"/>
  <testcase classname="com.nexsoft.jcb.test.TestModulBucketValidasi" name="filter_area" time="14.105">
    <failure type="java.lang.AssertionError" message="Filter is not workings expected [true] but found [false]">
      <![CDATA[java.lang.AssertionError: Filter is not workings expected [true] but found [false]
at com.nexsoft.jcb.test.TestModulBucketValidasi.filter_area(TestModulBucketValidasi.java:208)
at java.base/java.util.ArrayList.forEach(ArrayList.java:1511)
... Removed 28 stack frames]]>
    </failure>
  </testcase> <!-- filter_area -->
  <testcase classname="com.nexsoft.jcb.test.TestModulBucketValidasi" name="fungsi_button_filter" time="14.109">
    <failure type="java.lang.AssertionError" message="Filter is not workings expected [true] but found [false]">
      <![CDATA[java.lang.AssertionError: Filter is not workings expected [true] but found [false]
at com.nexsoft.jcb.test.TestModulBucketValidasi.fungsi_button_filter(TestModulBucketValidasi.java:237)
at java.base/java.util.ArrayList.forEach(ArrayList.java:1511)
... Removed 28 stack frames]]>
    </failure>
  </testcase> <!-- fungsi_button_filter -->
  <testcase classname="com.nexsoft.jcb.test.TestModulBucketValidasi" name="tekan_tombol_collapse_or_expand_validasi_data" time="10.935"/>
  <testcase classname="com.nexsoft.jcb.test.TestModulBucketValidasi" name="fungsi_btn_next" time="6.838"/>
  <testcase classname="com.nexsoft.jcb.test.TestModulBucketValidasi" name="fungsi_btn_previous" time="9.243"/>
  <testcase classname="com.nexsoft.jcb.test.TestModulBucketValidasi" name="fungsi_button_2" time="6.801"/>
  <testcase classname="com.nexsoft.jcb.test.TestModulBucketValidasi" name="input_kolom_search_by_no" time="8.803"/>
  <testcase classname="com.nexsoft.jcb.test.TestModulBucketValidasi" name="input_kolom_search_by_area" time="8.89"/>
  <testcase classname="com.nexsoft.jcb.test.TestModulBucketValidasi" name="input_kolom_search_by_merchant_name" time="8.957"/>
  <testcase classname="com.nexsoft.jcb.test.TestModulBucketValidasi" name="input_kolom_search_by_address" time="8.977"/>
  <testcase classname="com.nexsoft.jcb.test.TestModulBucketValidasi" name="input_kolom_search_by_officer" time="8.816"/>
  <testcase classname="com.nexsoft.jcb.test.TestModulBucketValidasi" name="input_kolom_search_by_visit_date" time="8.981"/>
  <testcase classname="com.nexsoft.jcb.test.TestModulBucketValidasi" name="input_kolom_search_by_note" time="8.911"/>
  <testcase classname="com.nexsoft.jcb.test.TestModulBucketValidasi" name="input_kolom_search_by_huruf_random" time="8.818"/>
  <testcase classname="com.nexsoft.jcb.test.TestModulBucketValidasi" name="input_kolom_search_by_simbol" time="8.975"/>
  <testcase classname="com.nexsoft.jcb.test.TestModulBucketValidasi" name="input_kolom_search_menggunakan_spasi" time="9.12"/>
  <testcase classname="com.nexsoft.jcb.test.TestModulBucketValidasi" name="input_kolom_search_tanpa_isi" time="10.518"/>
  <testcase classname="com.nexsoft.jcb.test.TestModulBucketValidasi" name="fungsi_button_mata" time="7.806"/>
  <testcase classname="com.nexsoft.jcb.test.TestModulBucketValidasi" name="cek_popup_EDC_1" time="11.416">
    <failure type="java.lang.AssertionError" message="expected [true] but found [false]">
      <![CDATA[java.lang.AssertionError: expected [true] but found [false]
at com.nexsoft.jcb.test.TestModulBucketValidasi.cek_popup_EDC_1(TestModulBucketValidasi.java:455)
at java.base/java.util.ArrayList.forEach(ArrayList.java:1511)
... Removed 29 stack frames]]>
    </failure>
  </testcase> <!-- cek_popup_EDC_1 -->
  <testcase classname="com.nexsoft.jcb.test.TestModulBucketValidasi" name="cek_popup_EDC_2" time="11.442">
    <failure type="java.lang.AssertionError" message="expected [true] but found [false]">
      <![CDATA[java.lang.AssertionError: expected [true] but found [false]
at com.nexsoft.jcb.test.TestModulBucketValidasi.cek_popup_EDC_2(TestModulBucketValidasi.java:468)
at java.base/java.util.ArrayList.forEach(ArrayList.java:1511)
... Removed 29 stack frames]]>
    </failure>
  </testcase> <!-- cek_popup_EDC_2 -->
  <testcase classname="com.nexsoft.jcb.test.TestModulBucketValidasi" name="cek_popup_foto_depan_toko" time="12.245"/>
  <testcase classname="com.nexsoft.jcb.test.TestModulBucketValidasi" name="cek_popup_foto_struk_edc" time="11.446"/>
  <testcase classname="com.nexsoft.jcb.test.TestModulBucketValidasi" name="cek_popup_spot_meja_kasir_before" time="11.575"/>
  <testcase classname="com.nexsoft.jcb.test.TestModulBucketValidasi" name="cek_popup_spot_meja_kasir_after" time="11.805"/>
  <testcase classname="com.nexsoft.jcb.test.TestModulBucketValidasi" name="cek_popup_spot_pintu_masuk_before" time="11.409"/>
  <testcase classname="com.nexsoft.jcb.test.TestModulBucketValidasi" name="cek_popup_spot_pintu_masuk_after" time="11.598"/>
  <testcase classname="com.nexsoft.jcb.test.TestModulBucketValidasi" name="cek_popup_other_principal" time="11.459"/>
  <testcase classname="com.nexsoft.jcb.test.TestModulBucketValidasi" name="menekan_button_validate" time="13.582"/>
  <testcase classname="com.nexsoft.jcb.test.TestModulBucketValidasi" name="validasi_menekan_submit_validate" time="11.281"/>
  <testcase classname="com.nexsoft.jcb.test.TestModulBucketValidasi" name="validasi_menekan_cancel_validate" time="13.958"/>
  <testcase classname="com.nexsoft.jcb.test.TestModulBucketValidasi" name="validasi_menekan_btnX_validate" time="13.464"/>
  <testcase classname="com.nexsoft.jcb.test.TestModulBucketValidasi" name="validasi_menekan_btn_return" time="13.41"/>
  <testcase classname="com.nexsoft.jcb.test.TestModulBucketValidasi" name="return_detail_validasi_dengan_isi_alfabet" time="14.578"/>
  <testcase classname="com.nexsoft.jcb.test.TestModulBucketValidasi" name="return_detail_validasi_dengan_isi_numerik" time="14.963"/>
  <testcase classname="com.nexsoft.jcb.test.TestModulBucketValidasi" name="return_detail_validasi_dengan_isi_simbol" time="14.862"/>
  <testcase classname="com.nexsoft.jcb.test.TestModulBucketValidasi" name="return_detail_validasi_tanpa_isi_notes" time="17.276"/>
  <testcase classname="com.nexsoft.jcb.test.TestModulBucketValidasi" name="validasi_menekan_submit_return" time="14.522"/>
  <testcase classname="com.nexsoft.jcb.test.TestModulBucketValidasi" name="validasi_menekan_cancel_return" time="13.76"/>
  <testcase classname="com.nexsoft.jcb.test.TestModulBucketValidasi" name="validasi_menekan_btnX_return" time="13.152"/>
  <testcase classname="com.nexsoft.jcb.test.TestModulBucketValidasi" name="validasi_menekan_btn_reject" time="11.437"/>
  <testcase classname="com.nexsoft.jcb.test.TestModulBucketValidasi" name="reject_detail_validasi_dengan_isi_alfabet" time="8.658">
    <failure type="org.openqa.selenium.ElementNotInteractableException" message="element not interactable
  (Session info: chrome=103.0.5060.114)
Build info: version: &amp;apos;4.0.0&amp;apos;, revision: &amp;apos;3a21814679&amp;apos;
System info: host: &amp;apos;LAPTOP-INFITVQT&amp;apos;, ip: &amp;apos;10.0.0.223&amp;apos;, os.name: &amp;apos;Windows 10&amp;apos;, os.arch: &amp;apos;amd64&amp;apos;, os.version: &amp;apos;10.0&amp;apos;, java.version: &amp;apos;18.0.1&amp;apos;
Driver info: org.openqa.selenium.chrome.ChromeDriver
Command: [0dc09f0296f230ba462f6eda1b0912b3, sendKeysToElement {id=361c3079-dff0-468b-a300-35f38a35a049, value=[Ljava.lang.CharSequence;@1b984ba5}]
Capabilities {acceptInsecureCerts: false, browserName: chrome, browserVersion: 103.0.5060.114, chrome: {chromedriverVersion: 102.0.5005.61 (0e59bcc00cc4..., userDataDir: C:\Users\NEXSOFT\AppData\Lo...}, goog:chromeOptions: {debuggerAddress: localhost:51810}, javascriptEnabled: true, networkConnectionEnabled: false, pageLoadStrategy: normal, platform: WINDOWS, platformName: WINDOWS, proxy: Proxy(), se:cdp: ws://localhost:51810/devtoo..., se:cdpVersion: 103.0.5060.114, setWindowRect: true, strictFileInteractability: false, timeouts: {implicit: 0, pageLoad: 300000, script: 30000}, unhandledPromptBehavior: dismiss and notify, webauthn:extension:credBlob: true, webauthn:extension:largeBlob: true, webauthn:virtualAuthenticators: true}
Element: [[ChromeDriver: chrome on WINDOWS (0dc09f0296f230ba462f6eda1b0912b3)] -&amp;gt; xpath: //textarea[@name=&amp;apos;notes&amp;apos;]]
Session ID: 0dc09f0296f230ba462f6eda1b0912b3">
      <![CDATA[org.openqa.selenium.ElementNotInteractableException: element not interactable
  (Session info: chrome=103.0.5060.114)
Build info: version: '4.0.0', revision: '3a21814679'
System info: host: 'LAPTOP-INFITVQT', ip: '10.0.0.223', os.name: 'Windows 10', os.arch: 'amd64', os.version: '10.0', java.version: '18.0.1'
Driver info: org.openqa.selenium.chrome.ChromeDriver
Command: [0dc09f0296f230ba462f6eda1b0912b3, sendKeysToElement {id=361c3079-dff0-468b-a300-35f38a35a049, value=[Ljava.lang.CharSequence;@1b984ba5}]
Capabilities {acceptInsecureCerts: false, browserName: chrome, browserVersion: 103.0.5060.114, chrome: {chromedriverVersion: 102.0.5005.61 (0e59bcc00cc4..., userDataDir: C:\Users\NEXSOFT\AppData\Lo...}, goog:chromeOptions: {debuggerAddress: localhost:51810}, javascriptEnabled: true, networkConnectionEnabled: false, pageLoadStrategy: normal, platform: WINDOWS, platformName: WINDOWS, proxy: Proxy(), se:cdp: ws://localhost:51810/devtoo..., se:cdpVersion: 103.0.5060.114, setWindowRect: true, strictFileInteractability: false, timeouts: {implicit: 0, pageLoad: 300000, script: 30000}, unhandledPromptBehavior: dismiss and notify, webauthn:extension:credBlob: true, webauthn:extension:largeBlob: true, webauthn:virtualAuthenticators: true}
Element: [[ChromeDriver: chrome on WINDOWS (0dc09f0296f230ba462f6eda1b0912b3)] -> xpath: //textarea[@name='notes']]
Session ID: 0dc09f0296f230ba462f6eda1b0912b3
at org.openqa.selenium.remote.codec.w3c.W3CHttpResponseCodec.createException(W3CHttpResponseCodec.java:200)
at org.openqa.selenium.remote.codec.w3c.W3CHttpResponseCodec.decode(W3CHttpResponseCodec.java:133)
at org.openqa.selenium.remote.codec.w3c.W3CHttpResponseCodec.decode(W3CHttpResponseCodec.java:53)
at org.openqa.selenium.remote.HttpCommandExecutor.execute(HttpCommandExecutor.java:184)
at org.openqa.selenium.remote.service.DriverCommandExecutor.invokeExecute(DriverCommandExecutor.java:164)
at org.openqa.selenium.remote.service.DriverCommandExecutor.execute(DriverCommandExecutor.java:139)
at org.openqa.selenium.remote.RemoteWebDriver.execute(RemoteWebDriver.java:559)
at org.openqa.selenium.remote.RemoteWebElement.execute(RemoteWebElement.java:251)
at org.openqa.selenium.remote.RemoteWebElement.sendKeys(RemoteWebElement.java:107)
at org.openqa.selenium.support.pagefactory.internal.LocatingElementHandler.invoke(LocatingElementHandler.java:52)
at jdk.proxy2/jdk.proxy2.$Proxy18.sendKeys(Unknown Source)
at com.nexsoft.jcb.pom.JCBValidasiDetailVisit.input_notes(JCBValidasiDetailVisit.java:217)
at com.nexsoft.jcb.test.TestModulBucketValidasi.reject_detail_validasi_dengan_isi_alfabet(TestModulBucketValidasi.java:781)
at java.base/java.util.ArrayList.forEach(ArrayList.java:1511)
... Removed 30 stack frames]]>
    </failure>
  </testcase> <!-- reject_detail_validasi_dengan_isi_alfabet -->
  <testcase classname="com.nexsoft.jcb.test.TestModulBucketValidasi" name="reject_detail_validasi_dengan_isi_numerik" time="13.635"/>
  <testcase classname="com.nexsoft.jcb.test.TestModulBucketValidasi" name="reject_detail_validasi_dengan_isi_simbol" time="15.082"/>
  <testcase classname="com.nexsoft.jcb.test.TestModulBucketValidasi" name="reject_detail_validasi_tanpa_isi_notes" time="16.311"/>
  <testcase classname="com.nexsoft.jcb.test.TestModulBucketValidasi" name="validasi_menekan_cancel_reject" time="11.99"/>
  <testcase classname="com.nexsoft.jcb.test.TestModulBucketValidasi" name="validasi_menekan_submit_reject" time="13.713"/>
  <testcase classname="com.nexsoft.jcb.test.TestModulBucketValidasi" name="validasi_menekan_btnX_reject" time="14.064"/>
  <testcase classname="com.nexsoft.jcb.test.TestModulBucketValidasi" name="validasi_menekan_btn_scroll" time="6.9"/>
</testsuite> <!-- JCB Modul Bucket Validasi Test -->
