<?xml version="1.0" encoding="UTF-8"?>
<!-- Generated by org.testng.reporters.JUnitXMLReporter -->
<testsuite ignored="0" hostname="LAPTOP-INFITVQT" failures="7" tests="38" name="JCB Modul Monitoring Test" time="884.072" errors="0" timestamp="2022-07-13T13:20:49 WIB">
  <testcase classname="com.nexsoft.jcb.test.TestModulMonitoring" name="tekan_monitoring_page" time="14.954"/>
  <testcase classname="com.nexsoft.jcb.test.TestModulMonitoring" name="input_kolom_search_by_kota" time="18.131"/>
  <testcase classname="com.nexsoft.jcb.test.TestModulMonitoring" name="input_kolom_search_by_TotalData" time="17.561"/>
  <testcase classname="com.nexsoft.jcb.test.TestModulMonitoring" name="input_kolom_search_by_TotalVisit" time="17.921">
    <failure type="java.lang.AssertionError" message="One of the row doesn&amp;apos;t contain data that match keyword expected [true] but found [false]">
      <![CDATA[java.lang.AssertionError: One of the row doesn't contain data that match keyword expected [true] but found [false]
at com.nexsoft.jcb.test.TestModulMonitoring.input_kolom_search_by_TotalVisit(TestModulMonitoring.java:154)
at java.base/java.util.ArrayList.forEach(ArrayList.java:1511)
... Removed 28 stack frames]]>
    </failure>
  </testcase> <!-- input_kolom_search_by_TotalVisit -->
  <testcase classname="com.nexsoft.jcb.test.TestModulMonitoring" name="input_kolom_search_by_TotalVisit2" time="18.414"/>
  <testcase classname="com.nexsoft.jcb.test.TestModulMonitoring" name="input_kolom_search_by_Price" time="17.912"/>
  <testcase classname="com.nexsoft.jcb.test.TestModulMonitoring" name="input_kolom_search_by_potongan_kata_3_huruf" time="16.803"/>
  <testcase classname="com.nexsoft.jcb.test.TestModulMonitoring" name="input_kolom_search_by_simbol" time="17.491"/>
  <testcase classname="com.nexsoft.jcb.test.TestModulMonitoring" name="input_kolom_search_by_spasi" time="18.276"/>
  <testcase classname="com.nexsoft.jcb.test.TestModulMonitoring" name="input_kolom_search_by_tanpa_isi" time="18.764"/>
  <testcase classname="com.nexsoft.jcb.test.TestModulMonitoring" name="input_kolom_search_by_potongan_kata_5_huruf" time="17.74"/>
  <testcase classname="com.nexsoft.jcb.test.TestModulMonitoring" name="input_kolom_search_by_potongan_kata_5_huruf_dengan_spasi" time="17.84"/>
  <testcase classname="com.nexsoft.jcb.test.TestModulMonitoring" name="input_kolom_search_by_potongan_kata_4_huruf" time="17.815"/>
  <testcase classname="com.nexsoft.jcb.test.TestModulMonitoring" name="input_kolom_search_by_potongan_detail_dari_jakarta" time="17.603">
    <failure type="java.lang.AssertionError" message="One of the row doesn&amp;apos;t contain data that match keyword expected [true] but found [false]">
      <![CDATA[java.lang.AssertionError: One of the row doesn't contain data that match keyword expected [true] but found [false]
at com.nexsoft.jcb.test.TestModulMonitoring.input_kolom_search_by_potongan_detail_dari_jakarta(TestModulMonitoring.java:311)
at java.base/java.util.ArrayList.forEach(ArrayList.java:1511)
... Removed 28 stack frames]]>
    </failure>
  </testcase> <!-- input_kolom_search_by_potongan_detail_dari_jakarta -->
  <testcase classname="com.nexsoft.jcb.test.TestModulMonitoring" name="input_kolom_search_by_detail_dari_jakarta2" time="18.04">
    <failure type="java.lang.AssertionError" message="One of the row doesn&amp;apos;t contain data that match keyword expected [true] but found [false]">
      <![CDATA[java.lang.AssertionError: One of the row doesn't contain data that match keyword expected [true] but found [false]
at com.nexsoft.jcb.test.TestModulMonitoring.input_kolom_search_by_detail_dari_jakarta2(TestModulMonitoring.java:326)
at java.base/java.util.ArrayList.forEach(ArrayList.java:1511)
... Removed 28 stack frames]]>
    </failure>
  </testcase> <!-- input_kolom_search_by_detail_dari_jakarta2 -->
  <testcase classname="com.nexsoft.jcb.test.TestModulMonitoring" name="input_kolom_search_by_potongan_detail_dari_jakarta3" time="17.616">
    <failure type="java.lang.AssertionError" message="One of the row doesn&amp;apos;t contain data that match keyword expected [true] but found [false]">
      <![CDATA[java.lang.AssertionError: One of the row doesn't contain data that match keyword expected [true] but found [false]
at com.nexsoft.jcb.test.TestModulMonitoring.input_kolom_search_by_potongan_detail_dari_jakarta3(TestModulMonitoring.java:344)
at java.base/java.util.ArrayList.forEach(ArrayList.java:1511)
... Removed 28 stack frames]]>
    </failure>
  </testcase> <!-- input_kolom_search_by_potongan_detail_dari_jakarta3 -->
  <testcase classname="com.nexsoft.jcb.test.TestModulMonitoring" name="input_kolom_search_by_potongan_detail_dari_yogyakarta" time="17.655">
    <failure type="java.lang.AssertionError" message="One of the row doesn&amp;apos;t contain data that match keyword expected [true] but found [false]">
      <![CDATA[java.lang.AssertionError: One of the row doesn't contain data that match keyword expected [true] but found [false]
at com.nexsoft.jcb.test.TestModulMonitoring.input_kolom_search_by_potongan_detail_dari_yogyakarta(TestModulMonitoring.java:360)
at java.base/java.util.ArrayList.forEach(ArrayList.java:1511)
... Removed 28 stack frames]]>
    </failure>
  </testcase> <!-- input_kolom_search_by_potongan_detail_dari_yogyakarta -->
  <testcase classname="com.nexsoft.jcb.test.TestModulMonitoring" name="input_kolom_search_by_potongan_detail_dari_bintaro" time="17.658">
    <failure type="java.lang.AssertionError" message="One of the row doesn&amp;apos;t contain data that match keyword expected [true] but found [false]">
      <![CDATA[java.lang.AssertionError: One of the row doesn't contain data that match keyword expected [true] but found [false]
at com.nexsoft.jcb.test.TestModulMonitoring.input_kolom_search_by_potongan_detail_dari_bintaro(TestModulMonitoring.java:378)
at java.base/java.util.ArrayList.forEach(ArrayList.java:1511)
... Removed 28 stack frames]]>
    </failure>
  </testcase> <!-- input_kolom_search_by_potongan_detail_dari_bintaro -->
  <testcase classname="com.nexsoft.jcb.test.TestModulMonitoring" name="input_kolom_search_by_potongan_detail_dari_bekasitimur_dkk" time="28.869">
    <failure type="java.lang.AssertionError" message="One of the row doesn&amp;apos;t contain data that match keyword expected [true] but found [false]">
      <![CDATA[java.lang.AssertionError: One of the row doesn't contain data that match keyword expected [true] but found [false]
at com.nexsoft.jcb.test.TestModulMonitoring.input_kolom_search_by_potongan_detail_dari_bekasitimur_dkk(TestModulMonitoring.java:393)
at java.base/java.util.ArrayList.forEach(ArrayList.java:1511)
... Removed 28 stack frames]]>
    </failure>
  </testcase> <!-- input_kolom_search_by_potongan_detail_dari_bekasitimur_dkk -->
  <testcase classname="com.nexsoft.jcb.test.TestModulMonitoring" name="memeriksa_btn_expand_compress_monitoring" time="32.585"/>
  <testcase classname="com.nexsoft.jcb.test.TestModulMonitoring" name="search_saat_expand_by_kota" time="22.29"/>
  <testcase classname="com.nexsoft.jcb.test.TestModulMonitoring" name="search_saat_expand_by_TotalData" time="21.732"/>
  <testcase classname="com.nexsoft.jcb.test.TestModulMonitoring" name="search_saat_expand_by_potongan_kata_4_huruf" time="21.858"/>
  <testcase classname="com.nexsoft.jcb.test.TestModulMonitoring" name="search_saat_expand_by_total_visit" time="22.021"/>
  <testcase classname="com.nexsoft.jcb.test.TestModulMonitoring" name="search_saat_expand_by_price" time="21.535"/>
  <testcase classname="com.nexsoft.jcb.test.TestModulMonitoring" name="search_saat_expand_by_potongan_kata_3_huruf" time="21.976"/>
  <testcase classname="com.nexsoft.jcb.test.TestModulMonitoring" name="search_saat_expand_by_simbol" time="21.986"/>
  <testcase classname="com.nexsoft.jcb.test.TestModulMonitoring" name="search_saat_expand_menggunakan_spasi" time="22.087"/>
  <testcase classname="com.nexsoft.jcb.test.TestModulMonitoring" name="search_saat_expand_tanpa_isi" time="22.542"/>
  <testcase classname="com.nexsoft.jcb.test.TestModulMonitoring" name="search_saat_expand_by_potongan_kata_5_huruf" time="22.185"/>
  <testcase classname="com.nexsoft.jcb.test.TestModulMonitoring" name="search_saat_expand_by_potongan_kata_5_huruf_dengan_spasi" time="22.143"/>
  <testcase classname="com.nexsoft.jcb.test.TestModulMonitoring" name="tekan_tombol_collapse_or_expand_monitoring" time="20.925"/>
  <testcase classname="com.nexsoft.jcb.test.TestModulMonitoring" name="tekan_btn_plus" time="14.759"/>
  <testcase classname="com.nexsoft.jcb.test.TestModulMonitoring" name="tekan_btn_plus_di_2_kota" time="15.144"/>
  <testcase classname="com.nexsoft.jcb.test.TestModulMonitoring" name="tekan_btn_plus_di_3_kota" time="14.584"/>
  <testcase classname="com.nexsoft.jcb.test.TestModulMonitoring" name="tekan_btn_minus" time="15.424"/>
  <testcase classname="com.nexsoft.jcb.test.TestModulMonitoring" name="validasi_menekan_btn_scroll" time="15.174"/>
  <testcase classname="com.nexsoft.jcb.test.TestModulMonitoring" name="validasi_menekan_btn_scroll_saat_plus" time="17.487"/>
</testsuite> <!-- JCB Modul Monitoring Test -->
