<?xml version="1.0" encoding="UTF-8"?>
<!-- Generated by org.testng.reporters.JUnitXMLReporter -->
<testsuite ignored="0" hostname="DESKTOP-UUPIJUK" failures="17" tests="51" name="Test_DataMerchant" time="588.006" errors="0" timestamp="2022-07-13T18:12:41 WIB">
  <testcase classname="com.nexsoft.jcb.test.TestModulDataMerchant" name="tekan_menu_data_merchant" time="0.903"/>
  <testcase classname="com.nexsoft.jcb.test.TestModulDataMerchant" name="input_search_merchant_name_by_nama_merchant_dan_tekan_search" time="2.399"/>
  <testcase classname="com.nexsoft.jcb.test.TestModulDataMerchant" name="input_search_merchant_name_by_no_dan_tekan_search" time="2.004"/>
  <testcase classname="com.nexsoft.jcb.test.TestModulDataMerchant" name="input_search_merchant_name_by_area_dan_tekan_search" time="1.793"/>
  <testcase classname="com.nexsoft.jcb.test.TestModulDataMerchant" name="input_search_merchant_name_by_batch_dan_tekan_search" time="1.802"/>
  <testcase classname="com.nexsoft.jcb.test.TestModulDataMerchant" name="input_search_merchant_name_by_address_dan_tekan_search" time="1.668"/>
  <testcase classname="com.nexsoft.jcb.test.TestModulDataMerchant" name="input_search_merchant_name_by_category_dan_tekan_search" time="1.602"/>
  <testcase classname="com.nexsoft.jcb.test.TestModulDataMerchant" name="input_search_merchant_name_by_officer_dan_tekan_search" time="1.641"/>
  <testcase classname="com.nexsoft.jcb.test.TestModulDataMerchant" name="input_search_merchant_name_by_status_visit_dan_tekan_search" time="1.642"/>
  <testcase classname="com.nexsoft.jcb.test.TestModulDataMerchant" name="input_search_merchant_name_by_nama_merchant_dengan_spasi_di_awal_dan_akhir_kemudian_tekan_search" time="1.641"/>
  <testcase classname="com.nexsoft.jcb.test.TestModulDataMerchant" name="kolom_search_kosong" time="2.274"/>
  <testcase classname="com.nexsoft.jcb.test.TestModulDataMerchant" name="tekan_tombol_expand_or_compress" time="1.611"/>
  <testcase classname="com.nexsoft.jcb.test.TestModulDataMerchant" name="tekan_tombol_collapse_or_expand" time="3.052"/>
  <testcase classname="com.nexsoft.jcb.test.TestModulDataMerchant" name="tekan_tombol_navigasi_previous_halaman" time="4.2"/>
  <testcase classname="com.nexsoft.jcb.test.TestModulDataMerchant" name="tekan_tombol_navigasi_nomor_halaman" time="2.374"/>
  <testcase classname="com.nexsoft.jcb.test.TestModulDataMerchant" name="tekan_tombol_navigasi_next_halaman" time="2.487"/>
  <testcase classname="com.nexsoft.jcb.test.TestModulDataMerchant" name="tekan_tombol_navigasi_first_halaman" time="4.445"/>
  <testcase classname="com.nexsoft.jcb.test.TestModulDataMerchant" name="tekan_tombol_navigasi_last_halaman" time="2.452"/>
  <testcase classname="com.nexsoft.jcb.test.TestModulDataMerchant" name="tekan_tombol_delete_di_dari_data_merchant" time="3.471"/>
  <testcase classname="com.nexsoft.jcb.test.TestModulDataMerchant" name="tekan_tombol_add_new_merchant" time="4.369"/>
  <testcase classname="com.nexsoft.jcb.test.TestModulDataMerchant" name="input_data_valid_di_new_merchant_dan_save" time="8.161"/>
  <testcase classname="com.nexsoft.jcb.test.TestModulDataMerchant" name="input_batch_invalid_di_new_merchant_dan_save" time="8.407">
    <failure type="java.lang.AssertionError" message="expected [true] but found [false]">
      <![CDATA[java.lang.AssertionError: expected [true] but found [false]
at com.nexsoft.jcb.test.TestModulDataMerchant.input_batch_invalid_di_new_merchant_dan_save(TestModulDataMerchant.java:444)
at java.base/java.util.ArrayList.forEach(ArrayList.java:1511)
... Removed 31 stack frames]]>
    </failure>
  </testcase> <!-- input_batch_invalid_di_new_merchant_dan_save -->
  <testcase classname="com.nexsoft.jcb.test.TestModulDataMerchant" name="input_merchant_name_invalid_di_new_merchant_dan_save" time="10.302">
    <failure type="java.lang.AssertionError" message="expected [true] but found [false]">
      <![CDATA[java.lang.AssertionError: expected [true] but found [false]
at com.nexsoft.jcb.test.TestModulDataMerchant.input_merchant_name_invalid_di_new_merchant_dan_save(TestModulDataMerchant.java:476)
at java.base/java.util.ArrayList.forEach(ArrayList.java:1511)
... Removed 31 stack frames]]>
    </failure>
  </testcase> <!-- input_merchant_name_invalid_di_new_merchant_dan_save -->
  <testcase classname="com.nexsoft.jcb.test.TestModulDataMerchant" name="input_address_invalid_di_new_merchant_dan_save" time="8.147">
    <failure type="java.lang.AssertionError" message="expected [true] but found [false]">
      <![CDATA[java.lang.AssertionError: expected [true] but found [false]
at com.nexsoft.jcb.test.TestModulDataMerchant.input_address_invalid_di_new_merchant_dan_save(TestModulDataMerchant.java:508)
at java.base/java.util.ArrayList.forEach(ArrayList.java:1511)
... Removed 31 stack frames]]>
    </failure>
  </testcase> <!-- input_address_invalid_di_new_merchant_dan_save -->
  <testcase classname="com.nexsoft.jcb.test.TestModulDataMerchant" name="input_address_by_floor_invalid_di_new_merchant_dan_save" time="8.656">
    <failure type="java.lang.AssertionError" message="expected [true] but found [false]">
      <![CDATA[java.lang.AssertionError: expected [true] but found [false]
at com.nexsoft.jcb.test.TestModulDataMerchant.input_address_by_floor_invalid_di_new_merchant_dan_save(TestModulDataMerchant.java:540)
at java.base/java.util.ArrayList.forEach(ArrayList.java:1511)
... Removed 31 stack frames]]>
    </failure>
  </testcase> <!-- input_address_by_floor_invalid_di_new_merchant_dan_save -->
  <testcase classname="com.nexsoft.jcb.test.TestModulDataMerchant" name="input_category_invalid_di_new_merchant_dan_save" time="8.367">
    <failure type="java.lang.AssertionError" message="expected [true] but found [false]">
      <![CDATA[java.lang.AssertionError: expected [true] but found [false]
at com.nexsoft.jcb.test.TestModulDataMerchant.input_category_invalid_di_new_merchant_dan_save(TestModulDataMerchant.java:572)
at java.base/java.util.ArrayList.forEach(ArrayList.java:1511)
... Removed 31 stack frames]]>
    </failure>
  </testcase> <!-- input_category_invalid_di_new_merchant_dan_save -->
  <testcase classname="com.nexsoft.jcb.test.TestModulDataMerchant" name="data_batch_kosong_or_tidak_pilih_di_new_merchant_dan_save" time="6.327"/>
  <testcase classname="com.nexsoft.jcb.test.TestModulDataMerchant" name="data_kota_kosong_or_tidak_pilih_di_new_merchant_dan_save" time="6.048"/>
  <testcase classname="com.nexsoft.jcb.test.TestModulDataMerchant" name="data_area_kosong_or_tidak_pilih_di_new_merchant_dan_save" time="6.107"/>
  <testcase classname="com.nexsoft.jcb.test.TestModulDataMerchant" name="data_merchant_name_kosong_or_tidak_pilih_di_new_merchant_dan_save" time="6.221"/>
  <testcase classname="com.nexsoft.jcb.test.TestModulDataMerchant" name="data_address_kosong_or_tidak_pilih_di_new_merchant_dan_save" time="6.19"/>
  <testcase classname="com.nexsoft.jcb.test.TestModulDataMerchant" name="data_address_by_floor_kosong_or_tidak_pilih_di_new_merchant_dan_save" time="6.158"/>
  <testcase classname="com.nexsoft.jcb.test.TestModulDataMerchant" name="data_category_kosong_or_tidak_pilih_di_new_merchant_dan_save" time="5.932"/>
  <testcase classname="com.nexsoft.jcb.test.TestModulDataMerchant" name="data_users_kosong_or_tidak_pilih_di_new_merchant_dan_save" time="6.01"/>
  <testcase classname="com.nexsoft.jcb.test.TestModulDataMerchant" name="data_batch_panjang_di_new_merchant_dan_save" time="9.107">
    <failure type="java.lang.AssertionError" message="Data is created, should be not since it suppose to be error expected [true] but found [false]">
      <![CDATA[java.lang.AssertionError: Data is created, should be not since it suppose to be error expected [true] but found [false]
at com.nexsoft.jcb.test.TestModulDataMerchant.data_batch_panjang_di_new_merchant_dan_save(TestModulDataMerchant.java:761)
at java.base/java.util.ArrayList.forEach(ArrayList.java:1511)
... Removed 30 stack frames]]>
    </failure>
  </testcase> <!-- data_batch_panjang_di_new_merchant_dan_save -->
  <testcase classname="com.nexsoft.jcb.test.TestModulDataMerchant" name="data_merchant_name_panjang_di_new_merchant_dan_save" time="9.135">
    <failure type="java.lang.AssertionError" message="Data is created, should be not since it suppose to be error expected [true] but found [false]">
      <![CDATA[java.lang.AssertionError: Data is created, should be not since it suppose to be error expected [true] but found [false]
at com.nexsoft.jcb.test.TestModulDataMerchant.data_merchant_name_panjang_di_new_merchant_dan_save(TestModulDataMerchant.java:790)
at java.base/java.util.ArrayList.forEach(ArrayList.java:1511)
... Removed 30 stack frames]]>
    </failure>
  </testcase> <!-- data_merchant_name_panjang_di_new_merchant_dan_save -->
  <testcase classname="com.nexsoft.jcb.test.TestModulDataMerchant" name="data_address_panjang_di_new_merchant_dan_save" time="11.534">
    <failure type="java.lang.AssertionError" message="Data is created, should be not since it suppose to be error expected [true] but found [false]">
      <![CDATA[java.lang.AssertionError: Data is created, should be not since it suppose to be error expected [true] but found [false]
at com.nexsoft.jcb.test.TestModulDataMerchant.data_address_panjang_di_new_merchant_dan_save(TestModulDataMerchant.java:819)
at java.base/java.util.ArrayList.forEach(ArrayList.java:1511)
... Removed 30 stack frames]]>
    </failure>
  </testcase> <!-- data_address_panjang_di_new_merchant_dan_save -->
  <testcase classname="com.nexsoft.jcb.test.TestModulDataMerchant" name="data_address_by_floor_panjang_di_new_merchant_dan_save" time="9.413">
    <failure type="java.lang.AssertionError" message="Data is created, should be not since it suppose to be error expected [true] but found [false]">
      <![CDATA[java.lang.AssertionError: Data is created, should be not since it suppose to be error expected [true] but found [false]
at com.nexsoft.jcb.test.TestModulDataMerchant.data_address_by_floor_panjang_di_new_merchant_dan_save(TestModulDataMerchant.java:848)
at java.base/java.util.ArrayList.forEach(ArrayList.java:1511)
... Removed 30 stack frames]]>
    </failure>
  </testcase> <!-- data_address_by_floor_panjang_di_new_merchant_dan_save -->
  <testcase classname="com.nexsoft.jcb.test.TestModulDataMerchant" name="data_category_panjang_di_new_merchant_dan_save" time="9.297">
    <failure type="java.lang.AssertionError" message="Data is created, should be not since it suppose to be error expected [true] but found [false]">
      <![CDATA[java.lang.AssertionError: Data is created, should be not since it suppose to be error expected [true] but found [false]
at com.nexsoft.jcb.test.TestModulDataMerchant.data_category_panjang_di_new_merchant_dan_save(TestModulDataMerchant.java:877)
at java.base/java.util.ArrayList.forEach(ArrayList.java:1511)
... Removed 30 stack frames]]>
    </failure>
  </testcase> <!-- data_category_panjang_di_new_merchant_dan_save -->
  <testcase classname="com.nexsoft.jcb.test.TestModulDataMerchant" name="input_data_valid_di_new_merchant_dan_cancel_or_silang" time="7.39"/>
  <testcase classname="com.nexsoft.jcb.test.TestModulDataMerchant" name="data_batch_di_isi_white_space_di_new_merchant_dan_save" time="8.026">
    <failure type="java.lang.AssertionError" message="Data is created, should be not since it suppose to be error expected [true] but found [false]">
      <![CDATA[java.lang.AssertionError: Data is created, should be not since it suppose to be error expected [true] but found [false]
at com.nexsoft.jcb.test.TestModulDataMerchant.data_batch_di_isi_white_space_di_new_merchant_dan_save(TestModulDataMerchant.java:933)
at java.base/java.util.ArrayList.forEach(ArrayList.java:1511)
... Removed 30 stack frames]]>
    </failure>
  </testcase> <!-- data_batch_di_isi_white_space_di_new_merchant_dan_save -->
  <testcase classname="com.nexsoft.jcb.test.TestModulDataMerchant" name="data_merchant_name_di_isi_white_space_di_new_merchant_dan_save" time="9.255">
    <failure type="java.lang.AssertionError" message="Data is created, should be not since it suppose to be error expected [true] but found [false]">
      <![CDATA[java.lang.AssertionError: Data is created, should be not since it suppose to be error expected [true] but found [false]
at com.nexsoft.jcb.test.TestModulDataMerchant.data_merchant_name_di_isi_white_space_di_new_merchant_dan_save(TestModulDataMerchant.java:960)
at java.base/java.util.ArrayList.forEach(ArrayList.java:1511)
... Removed 30 stack frames]]>
    </failure>
  </testcase> <!-- data_merchant_name_di_isi_white_space_di_new_merchant_dan_save -->
  <testcase classname="com.nexsoft.jcb.test.TestModulDataMerchant" name="data_address_di_isi_white_space_di_new_merchant_dan_save" time="8.346">
    <failure type="java.lang.AssertionError" message="Data is created, should be not since it suppose to be error expected [true] but found [false]">
      <![CDATA[java.lang.AssertionError: Data is created, should be not since it suppose to be error expected [true] but found [false]
at com.nexsoft.jcb.test.TestModulDataMerchant.data_address_di_isi_white_space_di_new_merchant_dan_save(TestModulDataMerchant.java:987)
at java.base/java.util.ArrayList.forEach(ArrayList.java:1511)
... Removed 30 stack frames]]>
    </failure>
  </testcase> <!-- data_address_di_isi_white_space_di_new_merchant_dan_save -->
  <testcase classname="com.nexsoft.jcb.test.TestModulDataMerchant" name="data_address_by_floor_di_isi_white_space_di_new_merchant_dan_save" time="7.774">
    <failure type="java.lang.AssertionError" message="Data is created, should be not since it suppose to be error expected [true] but found [false]">
      <![CDATA[java.lang.AssertionError: Data is created, should be not since it suppose to be error expected [true] but found [false]
at com.nexsoft.jcb.test.TestModulDataMerchant.data_address_by_floor_di_isi_white_space_di_new_merchant_dan_save(TestModulDataMerchant.java:1014)
at java.base/java.util.ArrayList.forEach(ArrayList.java:1511)
... Removed 30 stack frames]]>
    </failure>
  </testcase> <!-- data_address_by_floor_di_isi_white_space_di_new_merchant_dan_save -->
  <testcase classname="com.nexsoft.jcb.test.TestModulDataMerchant" name="data_category_di_isi_white_space_di_new_merchant_dan_save" time="8.22">
    <failure type="java.lang.AssertionError" message="Data is created, should be not since it suppose to be error expected [true] but found [false]">
      <![CDATA[java.lang.AssertionError: Data is created, should be not since it suppose to be error expected [true] but found [false]
at com.nexsoft.jcb.test.TestModulDataMerchant.data_category_di_isi_white_space_di_new_merchant_dan_save(TestModulDataMerchant.java:1041)
at java.base/java.util.ArrayList.forEach(ArrayList.java:1511)
... Removed 30 stack frames]]>
    </failure>
  </testcase> <!-- data_category_di_isi_white_space_di_new_merchant_dan_save -->
  <testcase classname="com.nexsoft.jcb.test.TestModulDataMerchant" name="tekan_tombol_download_template" time="1.628">
    <failure type="java.lang.AssertionError" message="Message error found">
      <![CDATA[java.lang.AssertionError: Message error found
at com.nexsoft.jcb.test.TestModulDataMerchant.tekan_tombol_download_template(TestModulDataMerchant.java:1062)
at java.base/java.util.ArrayList.forEach(ArrayList.java:1511)
... Removed 28 stack frames]]>
    </failure>
  </testcase> <!-- tekan_tombol_download_template -->
  <testcase classname="com.nexsoft.jcb.test.TestModulDataMerchant" name="tekan_tombol_upload_data" time="3.813"/>
  <testcase classname="com.nexsoft.jcb.test.TestModulDataMerchant" name="tekan_choose_file_dan_pilih_file_dengan_format_valid_kemudian_pilih_process" time="3.246">
    <failure type="java.lang.AssertionError" message="There is error message">
      <![CDATA[java.lang.AssertionError: There is error message
at com.nexsoft.jcb.test.TestModulDataMerchant.tekan_choose_file_dan_pilih_file_dengan_format_valid_kemudian_pilih_process(TestModulDataMerchant.java:1100)
at java.base/java.util.ArrayList.forEach(ArrayList.java:1511)
... Removed 28 stack frames]]>
    </failure>
  </testcase> <!-- tekan_choose_file_dan_pilih_file_dengan_format_valid_kemudian_pilih_process -->
  <testcase classname="com.nexsoft.jcb.test.TestModulDataMerchant" name="tekan_choose_file_dan_pilih_file_degan_format_invalid_kemudian_pilih_process" time="3.319"/>
  <testcase classname="com.nexsoft.jcb.test.TestModulDataMerchant" name="tekan_choose_file_dan_pilih_file_dengan_format_valid_kemudian_pilih_cancel_di_popup_upload" time="3.867"/>
  <testcase classname="com.nexsoft.jcb.test.TestModulDataMerchant" name="tekan_process_tanpa_pilih_file" time="2.79"/>
</testsuite> <!-- Test_DataMerchant -->
