<html>
<head>
<title>TestNG:  Test_Dashboard</title>
<link href="../testng.css" rel="stylesheet" type="text/css" />
<link href="../my-testng.css" rel="stylesheet" type="text/css" />

<style type="text/css">
.log { display: none;} 
.stack-trace { display: none;} 
</style>
<script type="text/javascript">
<!--
function flip(e) {
  current = e.style.display;
  if (current == 'block') {
    e.style.display = 'none';
    return 0;
  }
  else {
    e.style.display = 'block';
    return 1;
  }
}

function toggleBox(szDivId, elem, msg1, msg2)
{
  var res = -1;  if (document.getElementById) {
    res = flip(document.getElementById(szDivId));
  }
  else if (document.all) {
    // this is the way old msie versions work
    res = flip(document.all[szDivId]);
  }
  if(elem) {
    if(res == 0) elem.innerHTML = msg1; else elem.innerHTML = msg2;
  }

}

function toggleAllBoxes() {
  if (document.getElementsByTagName) {
    d = document.getElementsByTagName('div');
    for (i = 0; i < d.length; i++) {
      if (d[i].className == 'log') {
        flip(d[i]);
      }
    }
  }
}

// -->
</script>

</head>
<body>
<h2 align='center'>Test_Dashboard</h2><table border='1' align="center">
<tr>
<td>Tests passed/Failed/Skipped:</td><td>7/2/0</td>
</tr><tr>
<td>Started on:</td><td>Tue Jul 12 22:20:49 WIB 2022</td>
</tr>
<tr><td>Total time:</td><td>140 seconds (140448 ms)</td>
</tr><tr>
<td>Included groups:</td><td></td>
</tr><tr>
<td>Excluded groups:</td><td></td>
</tr>
</table><p/>
<small><i>(Hover the method name to see the test class name)</i></small><p/>
<table width='100%' border='1' class='invocation-failed'>
<tr><td colspan='4' align='center'><b>FAILED TESTS</b></td></tr>
<tr><td><b>Test method</b></td>
<td><b>Attribute(s)</b></td>
<td width="30%"><b>Exception</b></td>
<td width="10%"><b>Time (seconds)</b></td>
<td><b>Instance</b></td>
</tr>
<tr>
<td title='com.nexsoft.jcb.test.TestModulDashboard.tekan_tombol_reload()'><b>tekan_tombol_reload</b><br>Test class: com.nexsoft.jcb.test.TestModulDashboard</td>
<td><div><pre>java.lang.AssertionError: Data is not updated expected [true] but found [false]
	at com.nexsoft.jcb.test.TestModulDashboard.tekan_tombol_reload(TestModulDashboard.java:155)
	at java.base/java.util.ArrayList.forEach(ArrayList.java:1511)
... Removed 30 stack frames</pre></div><a href='#' onClick='toggleBox("stack-trace721975085", this, "Click to show all stack frames", "Click to hide stack frames")'>Click to show all stack frames</a>
<div class='stack-trace' id='stack-trace721975085'><pre>java.lang.AssertionError: Data is not updated expected [true] but found [false]
	at org.testng.Assert.fail(Assert.java:110)
	at org.testng.Assert.failNotEquals(Assert.java:1413)
	at org.testng.Assert.assertTrue(Assert.java:56)
	at com.nexsoft.jcb.test.TestModulDashboard.tekan_tombol_reload(TestModulDashboard.java:155)
	at java.base/jdk.internal.reflect.NativeMethodAccessorImpl.invoke0(Native Method)
	at java.base/jdk.internal.reflect.NativeMethodAccessorImpl.invoke(NativeMethodAccessorImpl.java:77)
	at java.base/jdk.internal.reflect.DelegatingMethodAccessorImpl.invoke(DelegatingMethodAccessorImpl.java:43)
	at java.base/java.lang.reflect.Method.invoke(Method.java:568)
	at org.testng.internal.invokers.MethodInvocationHelper.invokeMethod(MethodInvocationHelper.java:139)
	at org.testng.internal.invokers.TestInvoker.invokeMethod(TestInvoker.java:677)
	at org.testng.internal.invokers.TestInvoker.invokeTestMethod(TestInvoker.java:221)
	at org.testng.internal.invokers.MethodRunner.runInSequence(MethodRunner.java:50)
	at org.testng.internal.invokers.TestInvoker$MethodInvocationAgent.invoke(TestInvoker.java:962)
	at org.testng.internal.invokers.TestInvoker.invokeTestMethods(TestInvoker.java:194)
	at org.testng.internal.invokers.TestMethodWorker.invokeTestMethods(TestMethodWorker.java:148)
	at org.testng.internal.invokers.TestMethodWorker.run(TestMethodWorker.java:128)
	at java.base/java.util.ArrayList.forEach(ArrayList.java:1511)
	at org.testng.TestRunner.privateRun(TestRunner.java:806)
	at org.testng.TestRunner.run(TestRunner.java:601)
	at org.testng.SuiteRunner.runTest(SuiteRunner.java:433)
	at org.testng.SuiteRunner.runSequentially(SuiteRunner.java:427)
	at org.testng.SuiteRunner.privateRun(SuiteRunner.java:387)
	at org.testng.SuiteRunner.run(SuiteRunner.java:330)
	at org.testng.SuiteRunnerWorker.runSuite(SuiteRunnerWorker.java:52)
	at org.testng.SuiteRunnerWorker.run(SuiteRunnerWorker.java:95)
	at org.testng.TestNG.runSuitesSequentially(TestNG.java:1256)
	at org.testng.TestNG.runSuitesLocally(TestNG.java:1176)
	at org.testng.TestNG.runSuites(TestNG.java:1099)
	at org.testng.TestNG.run(TestNG.java:1067)
	at org.testng.remote.AbstractRemoteTestNG.run(AbstractRemoteTestNG.java:115)
	at org.testng.remote.RemoteTestNG.initAndRun(RemoteTestNG.java:251)
	at org.testng.remote.RemoteTestNG.main(RemoteTestNG.java:77)
</pre></div></td>
<td>24</td>
<td>com.nexsoft.jcb.test.TestModulDashboard@58cbafc2</td></tr>
<tr>
<td title='com.nexsoft.jcb.test.TestModulDashboard.cek_seluruh_jumlah_total_unvisit_sudah_benar_atau_belum()'><b>cek_seluruh_jumlah_total_unvisit_sudah_benar_atau_belum</b><br>Test class: com.nexsoft.jcb.test.TestModulDashboard</td>
<td><div><pre>java.lang.AssertionError: Unvisit total in header is not same as total in table expected [163] but found [160]
	at com.nexsoft.jcb.test.TestModulDashboard.cek_seluruh_jumlah_total_unvisit_sudah_benar_atau_belum(TestModulDashboard.java:212)
	at java.base/java.util.ArrayList.forEach(ArrayList.java:1511)
... Removed 32 stack frames</pre></div><a href='#' onClick='toggleBox("stack-trace967635335", this, "Click to show all stack frames", "Click to hide stack frames")'>Click to show all stack frames</a>
<div class='stack-trace' id='stack-trace967635335'><pre>java.lang.AssertionError: Unvisit total in header is not same as total in table expected [163] but found [160]
	at org.testng.Assert.fail(Assert.java:110)
	at org.testng.Assert.failNotEquals(Assert.java:1413)
	at org.testng.Assert.assertEqualsImpl(Assert.java:149)
	at org.testng.Assert.assertEquals(Assert.java:131)
	at org.testng.Assert.assertEquals(Assert.java:1240)
	at com.nexsoft.jcb.test.TestModulDashboard.cek_seluruh_jumlah_total_unvisit_sudah_benar_atau_belum(TestModulDashboard.java:212)
	at java.base/jdk.internal.reflect.NativeMethodAccessorImpl.invoke0(Native Method)
	at java.base/jdk.internal.reflect.NativeMethodAccessorImpl.invoke(NativeMethodAccessorImpl.java:77)
	at java.base/jdk.internal.reflect.DelegatingMethodAccessorImpl.invoke(DelegatingMethodAccessorImpl.java:43)
	at java.base/java.lang.reflect.Method.invoke(Method.java:568)
	at org.testng.internal.invokers.MethodInvocationHelper.invokeMethod(MethodInvocationHelper.java:139)
	at org.testng.internal.invokers.TestInvoker.invokeMethod(TestInvoker.java:677)
	at org.testng.internal.invokers.TestInvoker.invokeTestMethod(TestInvoker.java:221)
	at org.testng.internal.invokers.MethodRunner.runInSequence(MethodRunner.java:50)
	at org.testng.internal.invokers.TestInvoker$MethodInvocationAgent.invoke(TestInvoker.java:962)
	at org.testng.internal.invokers.TestInvoker.invokeTestMethods(TestInvoker.java:194)
	at org.testng.internal.invokers.TestMethodWorker.invokeTestMethods(TestMethodWorker.java:148)
	at org.testng.internal.invokers.TestMethodWorker.run(TestMethodWorker.java:128)
	at java.base/java.util.ArrayList.forEach(ArrayList.java:1511)
	at org.testng.TestRunner.privateRun(TestRunner.java:806)
	at org.testng.TestRunner.run(TestRunner.java:601)
	at org.testng.SuiteRunner.runTest(SuiteRunner.java:433)
	at org.testng.SuiteRunner.runSequentially(SuiteRunner.java:427)
	at org.testng.SuiteRunner.privateRun(SuiteRunner.java:387)
	at org.testng.SuiteRunner.run(SuiteRunner.java:330)
	at org.testng.SuiteRunnerWorker.runSuite(SuiteRunnerWorker.java:52)
	at org.testng.SuiteRunnerWorker.run(SuiteRunnerWorker.java:95)
	at org.testng.TestNG.runSuitesSequentially(TestNG.java:1256)
	at org.testng.TestNG.runSuitesLocally(TestNG.java:1176)
	at org.testng.TestNG.runSuites(TestNG.java:1099)
	at org.testng.TestNG.run(TestNG.java:1067)
	at org.testng.remote.AbstractRemoteTestNG.run(AbstractRemoteTestNG.java:115)
	at org.testng.remote.RemoteTestNG.initAndRun(RemoteTestNG.java:251)
	at org.testng.remote.RemoteTestNG.main(RemoteTestNG.java:77)
</pre></div></td>
<td>10</td>
<td>com.nexsoft.jcb.test.TestModulDashboard@58cbafc2</td></tr>
</table><p>
<table width='100%' border='1' class='invocation-passed'>
<tr><td colspan='4' align='center'><b>PASSED TESTS</b></td></tr>
<tr><td><b>Test method</b></td>
<td><b>Attribute(s)</b></td>
<td width="30%"><b>Exception</b></td>
<td width="10%"><b>Time (seconds)</b></td>
<td><b>Instance</b></td>
</tr>
<tr>
<td title='com.nexsoft.jcb.test.TestModulDashboard.tekan_tombol_collapse_or_expand()'><b>tekan_tombol_collapse_or_expand</b><br>Test class: com.nexsoft.jcb.test.TestModulDashboard</td>
<td></td>
<td>7</td>
<td>com.nexsoft.jcb.test.TestModulDashboard@58cbafc2</td></tr>
<tr>
<td title='com.nexsoft.jcb.test.TestModulDashboard.tekan_menu_dashboard()'><b>tekan_menu_dashboard</b><br>Test class: com.nexsoft.jcb.test.TestModulDashboard</td>
<td></td>
<td>5</td>
<td>com.nexsoft.jcb.test.TestModulDashboard@58cbafc2</td></tr>
<tr>
<td title='com.nexsoft.jcb.test.TestModulDashboard.cek_seluruh_jumlah_total_visit_sudah_benar_atau_belum()'><b>cek_seluruh_jumlah_total_visit_sudah_benar_atau_belum</b><br>Test class: com.nexsoft.jcb.test.TestModulDashboard</td>
<td></td>
<td>9</td>
<td>com.nexsoft.jcb.test.TestModulDashboard@58cbafc2</td></tr>
<tr>
<td title='com.nexsoft.jcb.test.TestModulDashboard.tekan_tombol_expand_or_compress()'><b>tekan_tombol_expand_or_compress</b><br>Test class: com.nexsoft.jcb.test.TestModulDashboard</td>
<td></td>
<td>7</td>
<td>com.nexsoft.jcb.test.TestModulDashboard@58cbafc2</td></tr>
<tr>
<td title='com.nexsoft.jcb.test.TestModulDashboard.cek_seluruh_jumlah_monthly_price_sudah_benar_atau_belum()'><b>cek_seluruh_jumlah_monthly_price_sudah_benar_atau_belum</b><br>Test class: com.nexsoft.jcb.test.TestModulDashboard</td>
<td></td>
<td>9</td>
<td>com.nexsoft.jcb.test.TestModulDashboard@58cbafc2</td></tr>
<tr>
<td title='com.nexsoft.jcb.test.TestModulDashboard.cek_seluruh_jumlah_total_price_sudah_benar_atau_belum()'><b>cek_seluruh_jumlah_total_price_sudah_benar_atau_belum</b><br>Test class: com.nexsoft.jcb.test.TestModulDashboard</td>
<td></td>
<td>9</td>
<td>com.nexsoft.jcb.test.TestModulDashboard@58cbafc2</td></tr>
<tr>
<td title='com.nexsoft.jcb.test.TestModulDashboard.tekan_tombol_detail()'><b>tekan_tombol_detail</b><br>Test class: com.nexsoft.jcb.test.TestModulDashboard</td>
<td></td>
<td>6</td>
<td>com.nexsoft.jcb.test.TestModulDashboard@58cbafc2</td></tr>
</table><p>
</body>
</html>