<?xml version="1.0" encoding="UTF-8"?>
<!-- Generated by org.testng.reporters.JUnitXMLReporter -->
<testsuite ignored="0" hostname="DESKTOP-UUPIJUK" failures="30" tests="92" name="Test_Master" time="871.645" errors="0" timestamp="2022-07-13T17:55:28 WIB">
  <testcase classname="com.nexsoft.jcb.test.TestModulMaster" name="tekan_menu_master_user" time="1.42"/>
  <testcase classname="com.nexsoft.jcb.test.TestModulMaster" name="input_kolom_search_by_no_di_user" time="3.16"/>
  <testcase classname="com.nexsoft.jcb.test.TestModulMaster" name="input_kolom_search_by_nik" time="2.501"/>
  <testcase classname="com.nexsoft.jcb.test.TestModulMaster" name="input_kolom_search_by_name" time="2.451"/>
  <testcase classname="com.nexsoft.jcb.test.TestModulMaster" name="input_kolom_search_by_privilage" time="3.567"/>
  <testcase classname="com.nexsoft.jcb.test.TestModulMaster" name="input_kolom_search_by_nik_dan_tambah_spasi_di_awal_dan_akhir_keyword" time="1.247"/>
  <testcase classname="com.nexsoft.jcb.test.TestModulMaster" name="kolom_search_kosong_di_user" time="1.678"/>
  <testcase classname="com.nexsoft.jcb.test.TestModulMaster" name="pilih_show_entries_10_di_user" time="1.303"/>
  <testcase classname="com.nexsoft.jcb.test.TestModulMaster" name="pilih_show_entries_25_di_user" time="1.395"/>
  <testcase classname="com.nexsoft.jcb.test.TestModulMaster" name="pilih_show_entries_50_di_user" time="1.04"/>
  <testcase classname="com.nexsoft.jcb.test.TestModulMaster" name="pilih_show_entries_100_di_user" time="1.077"/>
  <testcase classname="com.nexsoft.jcb.test.TestModulMaster" name="tekan_tombol_expand_or_compress_di_user" time="4.218"/>
  <testcase classname="com.nexsoft.jcb.test.TestModulMaster" name="tekan_tombol_collapse_or_expand_di_user" time="2.816"/>
  <testcase classname="com.nexsoft.jcb.test.TestModulMaster" name="tekan_tombol_navigasi_previous_halaman_di_user" time="1.591"/>
  <testcase classname="com.nexsoft.jcb.test.TestModulMaster" name="tekan_tombol_navigasi_nomor_halaman_di_user" time="1.146"/>
  <testcase classname="com.nexsoft.jcb.test.TestModulMaster" name="tekan_tombol_navigasi_next_halaman_di_user" time="1.087"/>
  <testcase classname="com.nexsoft.jcb.test.TestModulMaster" name="tekan_tombol_add_new_user" time="4.088"/>
  <testcase classname="com.nexsoft.jcb.test.TestModulMaster" name="input_data_valid_di_new_user_dan_save" time="6.044"/>
  <testcase classname="com.nexsoft.jcb.test.TestModulMaster" name="input_data_nik_invalid_di_new_user_dan_save" time="6.063">
    <failure type="java.lang.AssertionError" message="Data amount should be same since its was error and no new data created expected [true] but found [false]">
      <![CDATA[java.lang.AssertionError: Data amount should be same since its was error and no new data created expected [true] but found [false]
at com.nexsoft.jcb.test.TestModulMaster.input_data_nik_invalid_di_new_user_dan_save(TestModulMaster.java:472)
at java.base/java.util.ArrayList.forEach(ArrayList.java:1511)
... Removed 30 stack frames]]>
    </failure>
  </testcase> <!-- input_data_nik_invalid_di_new_user_dan_save -->
  <testcase classname="com.nexsoft.jcb.test.TestModulMaster" name="input_data_name_invalid_di_new_user_dan_save" time="6.194">
    <failure type="java.lang.AssertionError" message="Data amount should be same since its was error and no new data created expected [true] but found [false]">
      <![CDATA[java.lang.AssertionError: Data amount should be same since its was error and no new data created expected [true] but found [false]
at com.nexsoft.jcb.test.TestModulMaster.input_data_name_invalid_di_new_user_dan_save(TestModulMaster.java:492)
at java.base/java.util.ArrayList.forEach(ArrayList.java:1511)
... Removed 30 stack frames]]>
    </failure>
  </testcase> <!-- input_data_name_invalid_di_new_user_dan_save -->
  <testcase classname="com.nexsoft.jcb.test.TestModulMaster" name="input_data_username_invalid_di_new_user_dan_save" time="6.121">
    <failure type="java.lang.AssertionError" message="Data amount should be same since its was error and no new data created expected [true] but found [false]">
      <![CDATA[java.lang.AssertionError: Data amount should be same since its was error and no new data created expected [true] but found [false]
at com.nexsoft.jcb.test.TestModulMaster.input_data_username_invalid_di_new_user_dan_save(TestModulMaster.java:512)
at java.base/java.util.ArrayList.forEach(ArrayList.java:1511)
... Removed 30 stack frames]]>
    </failure>
  </testcase> <!-- input_data_username_invalid_di_new_user_dan_save -->
  <testcase classname="com.nexsoft.jcb.test.TestModulMaster" name="data_nik_kosong_di_new_user_dan_save" time="6.16">
    <failure type="java.lang.AssertionError" message="Data amount should be same since its was error and no new data created expected [true] but found [false]">
      <![CDATA[java.lang.AssertionError: Data amount should be same since its was error and no new data created expected [true] but found [false]
at com.nexsoft.jcb.test.TestModulMaster.data_nik_kosong_di_new_user_dan_save(TestModulMaster.java:532)
at java.base/java.util.ArrayList.forEach(ArrayList.java:1511)
... Removed 30 stack frames]]>
    </failure>
  </testcase> <!-- data_nik_kosong_di_new_user_dan_save -->
  <testcase classname="com.nexsoft.jcb.test.TestModulMaster" name="data_name_kosong_di_new_user_dan_save" time="5.833">
    <failure type="java.lang.AssertionError" message="Data amount should be same since its was error and no new data created expected [true] but found [false]">
      <![CDATA[java.lang.AssertionError: Data amount should be same since its was error and no new data created expected [true] but found [false]
at com.nexsoft.jcb.test.TestModulMaster.data_name_kosong_di_new_user_dan_save(TestModulMaster.java:552)
at java.base/java.util.ArrayList.forEach(ArrayList.java:1511)
... Removed 30 stack frames]]>
    </failure>
  </testcase> <!-- data_name_kosong_di_new_user_dan_save -->
  <testcase classname="com.nexsoft.jcb.test.TestModulMaster" name="data_username_kosong_di_new_user_dan_save" time="5.896">
    <failure type="java.lang.AssertionError" message="Data amount should be same since its was error and no new data created expected [true] but found [false]">
      <![CDATA[java.lang.AssertionError: Data amount should be same since its was error and no new data created expected [true] but found [false]
at com.nexsoft.jcb.test.TestModulMaster.data_username_kosong_di_new_user_dan_save(TestModulMaster.java:572)
at java.base/java.util.ArrayList.forEach(ArrayList.java:1511)
... Removed 30 stack frames]]>
    </failure>
  </testcase> <!-- data_username_kosong_di_new_user_dan_save -->
  <testcase classname="com.nexsoft.jcb.test.TestModulMaster" name="data_password_kosong_di_new_user_dan_save" time="5.959">
    <failure type="java.lang.AssertionError" message="Data amount should be same since its was error and no new data created expected [true] but found [false]">
      <![CDATA[java.lang.AssertionError: Data amount should be same since its was error and no new data created expected [true] but found [false]
at com.nexsoft.jcb.test.TestModulMaster.data_password_kosong_di_new_user_dan_save(TestModulMaster.java:592)
at java.base/java.util.ArrayList.forEach(ArrayList.java:1511)
... Removed 30 stack frames]]>
    </failure>
  </testcase> <!-- data_password_kosong_di_new_user_dan_save -->
  <testcase classname="com.nexsoft.jcb.test.TestModulMaster" name="data_privilage_pilih_default_di_new_user_dan_save" time="6.023">
    <failure type="java.lang.AssertionError" message="Data amount should be same since its was error and no new data created expected [true] but found [false]">
      <![CDATA[java.lang.AssertionError: Data amount should be same since its was error and no new data created expected [true] but found [false]
at com.nexsoft.jcb.test.TestModulMaster.data_privilage_pilih_default_di_new_user_dan_save(TestModulMaster.java:612)
at java.base/java.util.ArrayList.forEach(ArrayList.java:1511)
... Removed 30 stack frames]]>
    </failure>
  </testcase> <!-- data_privilage_pilih_default_di_new_user_dan_save -->
  <testcase classname="com.nexsoft.jcb.test.TestModulMaster" name="data_nik_panjang_di_new_user_dan_save" time="8.283">
    <failure type="java.lang.AssertionError" message="Data amount should be same since its was error and no new data created expected [true] but found [false]">
      <![CDATA[java.lang.AssertionError: Data amount should be same since its was error and no new data created expected [true] but found [false]
at com.nexsoft.jcb.test.TestModulMaster.data_nik_panjang_di_new_user_dan_save(TestModulMaster.java:633)
at java.base/java.util.ArrayList.forEach(ArrayList.java:1511)
... Removed 30 stack frames]]>
    </failure>
  </testcase> <!-- data_nik_panjang_di_new_user_dan_save -->
  <testcase classname="com.nexsoft.jcb.test.TestModulMaster" name="data_name_panjang_di_new_user_dan_save" time="7.146">
    <failure type="java.lang.AssertionError" message="Data amount should be same since its was error and no new data created expected [true] but found [false]">
      <![CDATA[java.lang.AssertionError: Data amount should be same since its was error and no new data created expected [true] but found [false]
at com.nexsoft.jcb.test.TestModulMaster.data_name_panjang_di_new_user_dan_save(TestModulMaster.java:655)
at java.base/java.util.ArrayList.forEach(ArrayList.java:1511)
... Removed 30 stack frames]]>
    </failure>
  </testcase> <!-- data_name_panjang_di_new_user_dan_save -->
  <testcase classname="com.nexsoft.jcb.test.TestModulMaster" name="data_username_panjang_di_new_user_dan_save" time="6.654">
    <failure type="java.lang.AssertionError" message="Data amount should be same since its was error and no new data created expected [true] but found [false]">
      <![CDATA[java.lang.AssertionError: Data amount should be same since its was error and no new data created expected [true] but found [false]
at com.nexsoft.jcb.test.TestModulMaster.data_username_panjang_di_new_user_dan_save(TestModulMaster.java:677)
at java.base/java.util.ArrayList.forEach(ArrayList.java:1511)
... Removed 30 stack frames]]>
    </failure>
  </testcase> <!-- data_username_panjang_di_new_user_dan_save -->
  <testcase classname="com.nexsoft.jcb.test.TestModulMaster" name="data_password_panjang_di_new_user_dan_save" time="6.827">
    <failure type="java.lang.AssertionError" message="Data amount should be same since its was error and no new data created expected [true] but found [false]">
      <![CDATA[java.lang.AssertionError: Data amount should be same since its was error and no new data created expected [true] but found [false]
at com.nexsoft.jcb.test.TestModulMaster.data_password_panjang_di_new_user_dan_save(TestModulMaster.java:699)
at java.base/java.util.ArrayList.forEach(ArrayList.java:1511)
... Removed 30 stack frames]]>
    </failure>
  </testcase> <!-- data_password_panjang_di_new_user_dan_save -->
  <testcase classname="com.nexsoft.jcb.test.TestModulMaster" name="data_nik_di_isi_white_space_di_new_user_dan_save" time="6.134">
    <failure type="java.lang.AssertionError" message="Data amount should be same since its was error and no new data created expected [true] but found [false]">
      <![CDATA[java.lang.AssertionError: Data amount should be same since its was error and no new data created expected [true] but found [false]
at com.nexsoft.jcb.test.TestModulMaster.data_nik_di_isi_white_space_di_new_user_dan_save(TestModulMaster.java:719)
at java.base/java.util.ArrayList.forEach(ArrayList.java:1511)
... Removed 30 stack frames]]>
    </failure>
  </testcase> <!-- data_nik_di_isi_white_space_di_new_user_dan_save -->
  <testcase classname="com.nexsoft.jcb.test.TestModulMaster" name="data_name_di_isi_white_space_di_new_user_dan_save" time="6.145">
    <failure type="java.lang.AssertionError" message="Data amount should be same since its was error and no new data created expected [true] but found [false]">
      <![CDATA[java.lang.AssertionError: Data amount should be same since its was error and no new data created expected [true] but found [false]
at com.nexsoft.jcb.test.TestModulMaster.data_name_di_isi_white_space_di_new_user_dan_save(TestModulMaster.java:739)
at java.base/java.util.ArrayList.forEach(ArrayList.java:1511)
... Removed 30 stack frames]]>
    </failure>
  </testcase> <!-- data_name_di_isi_white_space_di_new_user_dan_save -->
  <testcase classname="com.nexsoft.jcb.test.TestModulMaster" name="data_username_di_isi_white_space_di_new_user_dan_save" time="6.294">
    <failure type="java.lang.AssertionError" message="Data amount should be same since its was error and no new data created expected [true] but found [false]">
      <![CDATA[java.lang.AssertionError: Data amount should be same since its was error and no new data created expected [true] but found [false]
at com.nexsoft.jcb.test.TestModulMaster.data_username_di_isi_white_space_di_new_user_dan_save(TestModulMaster.java:759)
at java.base/java.util.ArrayList.forEach(ArrayList.java:1511)
... Removed 30 stack frames]]>
    </failure>
  </testcase> <!-- data_username_di_isi_white_space_di_new_user_dan_save -->
  <testcase classname="com.nexsoft.jcb.test.TestModulMaster" name="data_pass_di_isi_white_space_di_new_user_dan_save" time="6.521">
    <failure type="java.lang.AssertionError" message="Data amount should be same since its was error and no new data created expected [true] but found [false]">
      <![CDATA[java.lang.AssertionError: Data amount should be same since its was error and no new data created expected [true] but found [false]
at com.nexsoft.jcb.test.TestModulMaster.data_pass_di_isi_white_space_di_new_user_dan_save(TestModulMaster.java:779)
at java.base/java.util.ArrayList.forEach(ArrayList.java:1511)
... Removed 30 stack frames]]>
    </failure>
  </testcase> <!-- data_pass_di_isi_white_space_di_new_user_dan_save -->
  <testcase classname="com.nexsoft.jcb.test.TestModulMaster" name="input_data_valid_di_new_user_dan_cancel" time="5.461"/>
  <testcase classname="com.nexsoft.jcb.test.TestModulMaster" name="input_atau_buat_data_valid_yang_sama_persisi" time="6.452">
    <failure type="java.lang.AssertionError" message="Data amount should be same since its was error and no new data created expected [true] but found [false]">
      <![CDATA[java.lang.AssertionError: Data amount should be same since its was error and no new data created expected [true] but found [false]
at com.nexsoft.jcb.test.TestModulMaster.input_atau_buat_data_valid_yang_sama_persisi(TestModulMaster.java:815)
at java.base/java.util.ArrayList.forEach(ArrayList.java:1511)
... Removed 30 stack frames]]>
    </failure>
  </testcase> <!-- input_atau_buat_data_valid_yang_sama_persisi -->
  <testcase classname="com.nexsoft.jcb.test.TestModulMaster" name="tekan_tombol_edit_pada_baris_user" time="4.169"/>
  <testcase classname="com.nexsoft.jcb.test.TestModulMaster" name="tekan_tombol_edit_pada_baris_user_ketika_kotak_view_data_user_di_expand" time="4.421">
    <failure type="java.lang.AssertionError" message="Popup is not displayed expected [true] but found [false]">
      <![CDATA[java.lang.AssertionError: Popup is not displayed expected [true] but found [false]
at com.nexsoft.jcb.test.TestModulMaster.tekan_tombol_edit_pada_baris_user_ketika_kotak_view_data_user_di_expand(TestModulMaster.java:847)
at java.base/java.util.ArrayList.forEach(ArrayList.java:1511)
... Removed 30 stack frames]]>
    </failure>
  </testcase> <!-- tekan_tombol_edit_pada_baris_user_ketika_kotak_view_data_user_di_expand -->
  <testcase classname="com.nexsoft.jcb.test.TestModulMaster" name="ubah_data_user_di_pop_up_edit_dan_tekan_save" time="4.195">
    <failure type="java.lang.AssertionError" message="No field in edit popup user">
      <![CDATA[java.lang.AssertionError: No field in edit popup user
at com.nexsoft.jcb.test.TestModulMaster.ubah_data_user_di_pop_up_edit_dan_tekan_save(TestModulMaster.java:863)
at java.base/java.util.ArrayList.forEach(ArrayList.java:1511)
... Removed 28 stack frames]]>
    </failure>
  </testcase> <!-- ubah_data_user_di_pop_up_edit_dan_tekan_save -->
  <testcase classname="com.nexsoft.jcb.test.TestModulMaster" name="ubah_data_user_di_pop_up_edit_dan_tekan_cancel_or_silang_di_user" time="4.363">
    <failure type="java.lang.AssertionError" message="No field in edit popup user">
      <![CDATA[java.lang.AssertionError: No field in edit popup user
at com.nexsoft.jcb.test.TestModulMaster.ubah_data_user_di_pop_up_edit_dan_tekan_cancel_or_silang_di_user(TestModulMaster.java:879)
at java.base/java.util.ArrayList.forEach(ArrayList.java:1511)
... Removed 28 stack frames]]>
    </failure>
  </testcase> <!-- ubah_data_user_di_pop_up_edit_dan_tekan_cancel_or_silang_di_user -->
  <testcase classname="com.nexsoft.jcb.test.TestModulMaster" name="tekan_tombol_delete_pada_baris_user" time="2.798"/>
  <testcase classname="com.nexsoft.jcb.test.TestModulMaster" name="tekan_tombol_delete_pada_baris_user_ketika_kotak_view_data_user_di_expand" time="4.072"/>
  <testcase classname="com.nexsoft.jcb.test.TestModulMaster" name="tekan_menu_master_kota" time="3.447"/>
  <testcase classname="com.nexsoft.jcb.test.TestModulMaster" name="input_kolom_search_by_no_di_kota" time="2.553"/>
  <testcase classname="com.nexsoft.jcb.test.TestModulMaster" name="input_kolom_search_by_kota" time="1.968"/>
  <testcase classname="com.nexsoft.jcb.test.TestModulMaster" name="input_kolom_search_by_kota_dan_tambah_spasi_di_awal_dan_akhir_keyword" time="1.864"/>
  <testcase classname="com.nexsoft.jcb.test.TestModulMaster" name="kolom_search_kosong_di_kota" time="2.207"/>
  <testcase classname="com.nexsoft.jcb.test.TestModulMaster" name="pilih_show_entries_10_di_kota" time="1.689"/>
  <testcase classname="com.nexsoft.jcb.test.TestModulMaster" name="pilih_show_entries_25_di_kota" time="1.601"/>
  <testcase classname="com.nexsoft.jcb.test.TestModulMaster" name="pilih_show_entries_50_di_kota" time="1.593"/>
  <testcase classname="com.nexsoft.jcb.test.TestModulMaster" name="pilih_show_entries_100_di_kota" time="1.917"/>
  <testcase classname="com.nexsoft.jcb.test.TestModulMaster" name="tekan_tombol_expand_or_compress_di_kota" time="4.745"/>
  <testcase classname="com.nexsoft.jcb.test.TestModulMaster" name="tekan_tombol_collapse_or_expand_di_kota" time="3.223"/>
  <testcase classname="com.nexsoft.jcb.test.TestModulMaster" name="tekan_tombol_navigasi_previous_halaman_di_kota" time="1.808"/>
  <testcase classname="com.nexsoft.jcb.test.TestModulMaster" name="tekan_tombol_navigasi_nomor_halaman_di_kota" time="1.746"/>
  <testcase classname="com.nexsoft.jcb.test.TestModulMaster" name="tekan_tombol_navigasi_next_halaman_di_kota" time="1.686"/>
  <testcase classname="com.nexsoft.jcb.test.TestModulMaster" name="tekan_tombol_add_new_kota" time="3.664"/>
  <testcase classname="com.nexsoft.jcb.test.TestModulMaster" name="input_data_kota_valid_dan_save" time="4.821"/>
  <testcase classname="com.nexsoft.jcb.test.TestModulMaster" name="input_data_kota_invalid_dan_save" time="4.997">
    <failure type="java.lang.AssertionError" message="Data amount should be same since its was error and no new data created expected [true] but found [false]">
      <![CDATA[java.lang.AssertionError: Data amount should be same since its was error and no new data created expected [true] but found [false]
at com.nexsoft.jcb.test.TestModulMaster.input_data_kota_invalid_dan_save(TestModulMaster.java:1143)
at java.base/java.util.ArrayList.forEach(ArrayList.java:1511)
... Removed 30 stack frames]]>
    </failure>
  </testcase> <!-- input_data_kota_invalid_dan_save -->
  <testcase classname="com.nexsoft.jcb.test.TestModulMaster" name="input_data_kota_panjang_dan_save" time="5.618">
    <failure type="java.lang.AssertionError" message="Data amount should be same since its was error and no new data created expected [true] but found [false]">
      <![CDATA[java.lang.AssertionError: Data amount should be same since its was error and no new data created expected [true] but found [false]
at com.nexsoft.jcb.test.TestModulMaster.input_data_kota_panjang_dan_save(TestModulMaster.java:1164)
at java.base/java.util.ArrayList.forEach(ArrayList.java:1511)
... Removed 30 stack frames]]>
    </failure>
  </testcase> <!-- input_data_kota_panjang_dan_save -->
  <testcase classname="com.nexsoft.jcb.test.TestModulMaster" name="data_kota_kosong_dan_save" time="4.808">
    <failure type="java.lang.AssertionError" message="Data amount should be same since its was error and no new data created expected [true] but found [false]">
      <![CDATA[java.lang.AssertionError: Data amount should be same since its was error and no new data created expected [true] but found [false]
at com.nexsoft.jcb.test.TestModulMaster.data_kota_kosong_dan_save(TestModulMaster.java:1185)
at java.base/java.util.ArrayList.forEach(ArrayList.java:1511)
... Removed 30 stack frames]]>
    </failure>
  </testcase> <!-- data_kota_kosong_dan_save -->
  <testcase classname="com.nexsoft.jcb.test.TestModulMaster" name="data_kota_di_isi_white_space_dan_save" time="4.703">
    <failure type="java.lang.AssertionError" message="Data amount should be same since its was error and no new data created expected [true] but found [false]">
      <![CDATA[java.lang.AssertionError: Data amount should be same since its was error and no new data created expected [true] but found [false]
at com.nexsoft.jcb.test.TestModulMaster.data_kota_di_isi_white_space_dan_save(TestModulMaster.java:1206)
at java.base/java.util.ArrayList.forEach(ArrayList.java:1511)
... Removed 30 stack frames]]>
    </failure>
  </testcase> <!-- data_kota_di_isi_white_space_dan_save -->
  <testcase classname="com.nexsoft.jcb.test.TestModulMaster" name="input_data_kota_valid_dan_cancel" time="3.993"/>
  <testcase classname="com.nexsoft.jcb.test.TestModulMaster" name="tekan_tombol_edit_pada_baris_kota" time="3.275"/>
  <testcase classname="com.nexsoft.jcb.test.TestModulMaster" name="tekan_tombol_edit_pada_baris_kota_ketika_kotak_view_data_kota_di_expand" time="4.966">
    <failure type="java.lang.AssertionError" message="Popup is not displayed expected [true] but found [false]">
      <![CDATA[java.lang.AssertionError: Popup is not displayed expected [true] but found [false]
at com.nexsoft.jcb.test.TestModulMaster.tekan_tombol_edit_pada_baris_kota_ketika_kotak_view_data_kota_di_expand(TestModulMaster.java:1254)
at java.base/java.util.ArrayList.forEach(ArrayList.java:1511)
... Removed 30 stack frames]]>
    </failure>
  </testcase> <!-- tekan_tombol_edit_pada_baris_kota_ketika_kotak_view_data_kota_di_expand -->
  <testcase classname="com.nexsoft.jcb.test.TestModulMaster" name="ubah_data_kota_di_pop_up_edit_dan_tekan_save" time="5.573">
    <failure type="java.lang.AssertionError" message="Data not changed expected [true] but found [false]">
      <![CDATA[java.lang.AssertionError: Data not changed expected [true] but found [false]
at com.nexsoft.jcb.test.TestModulMaster.ubah_data_kota_di_pop_up_edit_dan_tekan_save(TestModulMaster.java:1284)
at java.base/java.util.ArrayList.forEach(ArrayList.java:1511)
... Removed 30 stack frames]]>
    </failure>
  </testcase> <!-- ubah_data_kota_di_pop_up_edit_dan_tekan_save -->
  <testcase classname="com.nexsoft.jcb.test.TestModulMaster" name="ubah_data_kota_di_pop_up_edit_dan_tekan_cancel_or_silang" time="4.324"/>
  <testcase classname="com.nexsoft.jcb.test.TestModulMaster" name="tekan_menu_master_area" time="1.758"/>
  <testcase classname="com.nexsoft.jcb.test.TestModulMaster" name="input_kolom_search_by_no_di_area" time="1.808"/>
  <testcase classname="com.nexsoft.jcb.test.TestModulMaster" name="input_kolom_search_by_kode_area" time="1.864"/>
  <testcase classname="com.nexsoft.jcb.test.TestModulMaster" name="input_kolom_search_by_area" time="2.145"/>
  <testcase classname="com.nexsoft.jcb.test.TestModulMaster" name="input_kolom_search_by_area_dan_tambah_spasi_di_awal_dan_akhir_keyword" time="1.961"/>
  <testcase classname="com.nexsoft.jcb.test.TestModulMaster" name="kolom_search_kosong_di_area" time="2.168"/>
  <testcase classname="com.nexsoft.jcb.test.TestModulMaster" name="pilih_show_entries_10_di_area" time="1.606"/>
  <testcase classname="com.nexsoft.jcb.test.TestModulMaster" name="pilih_show_entries_25_di_area" time="1.654"/>
  <testcase classname="com.nexsoft.jcb.test.TestModulMaster" name="pilih_show_entries_50_di_area" time="1.556"/>
  <testcase classname="com.nexsoft.jcb.test.TestModulMaster" name="pilih_show_entries_100_di_area" time="3.063"/>
  <testcase classname="com.nexsoft.jcb.test.TestModulMaster" name="tekan_tombol_expand_or_compress_di_area" time="4.91"/>
  <testcase classname="com.nexsoft.jcb.test.TestModulMaster" name="tekan_tombol_collapse_or_expand_di_area" time="3.204"/>
  <testcase classname="com.nexsoft.jcb.test.TestModulMaster" name="tekan_tombol_navigasi_previous_halaman_di_area" time="1.795"/>
  <testcase classname="com.nexsoft.jcb.test.TestModulMaster" name="tekan_tombol_navigasi_nomor_halaman_di_area" time="1.706"/>
  <testcase classname="com.nexsoft.jcb.test.TestModulMaster" name="tekan_tombol_navigasi_next_halaman_di_area" time="1.784"/>
  <testcase classname="com.nexsoft.jcb.test.TestModulMaster" name="tekan_tombol_add_new_area" time="6.11"/>
  <testcase classname="com.nexsoft.jcb.test.TestModulMaster" name="input_data_area_valid_dan_save" time="5.015"/>
  <testcase classname="com.nexsoft.jcb.test.TestModulMaster" name="input_data_area_invalid_dan_save" time="5.013">
    <failure type="java.lang.AssertionError" message="Data amount should be same since its was error and no new data created expected [true] but found [false]">
      <![CDATA[java.lang.AssertionError: Data amount should be same since its was error and no new data created expected [true] but found [false]
at com.nexsoft.jcb.test.TestModulMaster.input_data_area_invalid_dan_save(TestModulMaster.java:1546)
at java.base/java.util.ArrayList.forEach(ArrayList.java:1511)
... Removed 30 stack frames]]>
    </failure>
  </testcase> <!-- input_data_area_invalid_dan_save -->
  <testcase classname="com.nexsoft.jcb.test.TestModulMaster" name="input_data_area_panjang_dan_save" time="5.698">
    <failure type="java.lang.AssertionError" message="Data amount should be same since its was error and no new data created expected [true] but found [false]">
      <![CDATA[java.lang.AssertionError: Data amount should be same since its was error and no new data created expected [true] but found [false]
at com.nexsoft.jcb.test.TestModulMaster.input_data_area_panjang_dan_save(TestModulMaster.java:1567)
at java.base/java.util.ArrayList.forEach(ArrayList.java:1511)
... Removed 30 stack frames]]>
    </failure>
  </testcase> <!-- input_data_area_panjang_dan_save -->
  <testcase classname="com.nexsoft.jcb.test.TestModulMaster" name="data_area_di_isi_white_space_dan_save" time="5.078">
    <failure type="java.lang.AssertionError" message="Data amount should be same since its was error and no new data created expected [true] but found [false]">
      <![CDATA[java.lang.AssertionError: Data amount should be same since its was error and no new data created expected [true] but found [false]
at com.nexsoft.jcb.test.TestModulMaster.data_area_di_isi_white_space_dan_save(TestModulMaster.java:1588)
at java.base/java.util.ArrayList.forEach(ArrayList.java:1511)
... Removed 30 stack frames]]>
    </failure>
  </testcase> <!-- data_area_di_isi_white_space_dan_save -->
  <testcase classname="com.nexsoft.jcb.test.TestModulMaster" name="input_data_area_valid_dan_cancel" time="6.913"/>
  <testcase classname="com.nexsoft.jcb.test.TestModulMaster" name="tekan_tombol_edit_pada_baris_area" time="3.954"/>
  <testcase classname="com.nexsoft.jcb.test.TestModulMaster" name="tekan_tombol_edit_pada_baris_area_ketika_kotak_view_data_area_di_expand" time="5.228">
    <failure type="java.lang.AssertionError" message="Popup is not displayed expected [true] but found [false]">
      <![CDATA[java.lang.AssertionError: Popup is not displayed expected [true] but found [false]
at com.nexsoft.jcb.test.TestModulMaster.tekan_tombol_edit_pada_baris_area_ketika_kotak_view_data_area_di_expand(TestModulMaster.java:1635)
at java.base/java.util.ArrayList.forEach(ArrayList.java:1511)
... Removed 30 stack frames]]>
    </failure>
  </testcase> <!-- tekan_tombol_edit_pada_baris_area_ketika_kotak_view_data_area_di_expand -->
  <testcase classname="com.nexsoft.jcb.test.TestModulMaster" name="ubah_data_area_di_pop_up_edit_dan_tekan_save" time="8.321"/>
  <testcase classname="com.nexsoft.jcb.test.TestModulMaster" name="ubah_data_area_di_pop_up_edit_dan_tekan_cancel_or_silang" time="5.306"/>
</testsuite> <!-- Test_Master -->
