<?xml version="1.0" encoding="UTF-8"?>
<!-- Generated by org.testng.reporters.JUnitXMLReporter -->
<testsuite ignored="0" hostname="DESKTOP-UUPIJUK" failures="1" tests="12" name="Test_Login" time="88.714" errors="0" timestamp="2022-07-12T22:20:49 WIB">
  <testcase classname="com.nexsoft.jcb.test.TestModulLogin" name="input_username_tanpa_password_dan_tekan_login" time="2.253"/>
  <testcase classname="com.nexsoft.jcb.test.TestModulLogin" name="input_password_tanpa_username_dan_tekan_login" time="2.226"/>
  <testcase classname="com.nexsoft.jcb.test.TestModulLogin" name="input_username_invalid_dan_password_valid_dan_tekan_login" time="4.393"/>
  <testcase classname="com.nexsoft.jcb.test.TestModulLogin" name="input_username_valid_dan_password_invalid_dan_tekan_login" time="4.728"/>
  <testcase classname="com.nexsoft.jcb.test.TestModulLogin" name="input_username_panjang_dan_tekan_login" time="4.772"/>
  <testcase classname="com.nexsoft.jcb.test.TestModulLogin" name="input_password_panjang_dan_tekan_login" time="4.654"/>
  <testcase classname="com.nexsoft.jcb.test.TestModulLogin" name="input_username_valid_dengan_huruf_besar_kecil_dan_tekan_login" time="9.008">
    <failure type="java.lang.AssertionError" message="Login is success, it was suppose to be fail since the username is invalid">
      <![CDATA[java.lang.AssertionError: Login is success, it was suppose to be fail since the username is invalid
at com.nexsoft.jcb.test.TestModulLogin.input_username_valid_dengan_huruf_besar_kecil_dan_tekan_login(TestModulLogin.java:153)
at java.base/java.util.ArrayList.forEach(ArrayList.java:1511)
... Removed 28 stack frames]]>
    </failure>
  </testcase> <!-- input_username_valid_dengan_huruf_besar_kecil_dan_tekan_login -->
  <testcase classname="com.nexsoft.jcb.test.TestModulLogin" name="input_password_valid_dengan_huruf_besar_kecil_dan_tekan_login" time="4.35"/>
  <testcase classname="com.nexsoft.jcb.test.TestModulLogin" name="username_dan_password_kosong" time="2.122"/>
  <testcase classname="com.nexsoft.jcb.test.TestModulLogin" name="input_username_dan_password_valid_sebagai_admin" time="6.934"/>
  <testcase classname="com.nexsoft.jcb.test.TestModulLogin" name="input_username_dan_password_valid_sebagai_surveyor" time="7.032"/>
  <testcase classname="com.nexsoft.jcb.test.TestModulLogin" name="tekan_tombol_logout_setelah_berhasil_login" time="4.804"/>
</testsuite> <!-- Test_Login -->
